Log file open, 12/27/18 09:48:50
LogWindows: Failed to load 'aqProf.dll' (GetLastError=126)
LogWindows: File 'aqProf.dll' does not exist
LogWindows: Failed to load 'VtuneApi.dll' (GetLastError=126)
LogWindows: File 'VtuneApi.dll' does not exist
LogWindows: Failed to load 'VtuneApi32e.dll' (GetLastError=126)
LogWindows: File 'VtuneApi32e.dll' does not exist
LogConsoleResponse: Display: Failed to find resolution value strings in scalability ini. Falling back to default.
LogInit: Display: Running engine without a game
LogPakFile: Registered encryption key '00000000000000000000000000000000': 0 pak files mounted, 0 remain pending
LogPlatformFile: Not using cached read wrapper
LogInit: Display: Loading recent project file: ../../../../../../Users/theco/Desktop/BeatBattle/BeatBattle/BeatBattle.uproject
LogTaskGraph: Started task graph with 5 named threads and 35 total threads with 3 sets of task threads.
LogStats: Stats thread started at 1.407668
LogD3D11RHI: Loaded GFSDK_Aftermath_Lib.x64.dll
LogICUInternationalization: ICU TimeZone Detection - Raw Offset: -8:00, Platform Override: ''
LogPluginManager: Mounting plugin Paper2D
LogPluginManager: Mounting plugin AISupport
LogPluginManager: Mounting plugin LightPropagationVolume
LogPluginManager: Mounting plugin ActorLayerUtilities
LogPluginManager: Mounting plugin CLionSourceCodeAccess
LogPluginManager: Mounting plugin CodeLiteSourceCodeAccess
LogPluginManager: Mounting plugin GitSourceControl
LogPluginManager: Mounting plugin KDevelopSourceCodeAccess
LogPluginManager: Mounting plugin NullSourceCodeAccess
LogPluginManager: Mounting plugin PerforceSourceControl
LogPluginManager: Mounting plugin SubversionSourceControl
LogPluginManager: Mounting plugin UObjectPlugin
LogPluginManager: Mounting plugin VisualStudioCodeSourceCodeAccess
LogPluginManager: Mounting plugin VisualStudioSourceCodeAccess
LogPluginManager: Mounting plugin XCodeSourceCodeAccess
LogPluginManager: Mounting plugin AssetManagerEditor
LogPluginManager: Mounting plugin CryptoKeys
LogPluginManager: Mounting plugin DataValidation
LogPluginManager: Mounting plugin FacialAnimation
LogPluginManager: Mounting plugin GameplayTagsEditor
LogPluginManager: Mounting plugin MacGraphicsSwitching
LogPluginManager: Mounting plugin MeshEditor
LogPluginManager: Mounting plugin MobileLauncherProfileWizard
LogPluginManager: Mounting plugin PluginBrowser
LogPluginManager: Mounting plugin SpeedTreeImporter
LogPluginManager: Mounting plugin DatasmithContent
LogPluginManager: Mounting plugin VariantManagerContent
LogPluginManager: Mounting plugin AlembicImporter
LogPluginManager: Mounting plugin AppleImageUtils
LogPluginManager: Mounting plugin AppleVision
LogPluginManager: Mounting plugin BackChannel
LogPluginManager: Mounting plugin CharacterAI
LogPluginManager: Mounting plugin GeometryCache
LogPluginManager: Mounting plugin HTML5Networking
LogPluginManager: Mounting plugin ProxyLODPlugin
LogPluginManager: Mounting plugin MagicLeap
LogPluginManager: Mounting plugin MagicLeapMedia
LogPluginManager: Mounting plugin AndroidMedia
LogPluginManager: Mounting plugin AvfMedia
LogPluginManager: Mounting plugin ImgMedia
LogPluginManager: Mounting plugin LinearTimecode
LogPluginManager: Mounting plugin MediaCompositing
LogPluginManager: Mounting plugin MediaPlayerEditor
LogPluginManager: Mounting plugin WebMMedia
LogPluginManager: Mounting plugin WmfMedia
LogPluginManager: Mounting plugin TcpMessaging
LogPluginManager: Mounting plugin UdpMessaging
LogPluginManager: Mounting plugin ActorSequence
LogPluginManager: Mounting plugin LevelSequenceEditor
LogPluginManager: Mounting plugin MatineeToLevelSequence
LogPluginManager: Mounting plugin NetcodeUnitTest
LogPluginManager: Mounting plugin NUTUnrealEngine4
LogPluginManager: Mounting plugin OnlineSubsystemGooglePlay
LogPluginManager: Mounting plugin OnlineSubsystemIOS
LogPluginManager: Mounting plugin OnlineSubsystem
LogPluginManager: Mounting plugin OnlineSubsystemNull
LogPluginManager: Mounting plugin OnlineSubsystemUtils
LogPluginManager: Mounting plugin LauncherChunkInstaller
LogPluginManager: Mounting plugin AndroidDeviceProfileSelector
LogPluginManager: Mounting plugin AndroidMoviePlayer
LogPluginManager: Mounting plugin AndroidPermission
LogPluginManager: Mounting plugin AppleMoviePlayer
LogPluginManager: Mounting plugin ArchVisCharacter
LogPluginManager: Mounting plugin AudioCapture
LogPluginManager: Mounting plugin CableComponent
LogPluginManager: Mounting plugin CustomMeshComponent
LogPluginManager: Mounting plugin EditableMesh
LogPluginManager: Mounting plugin ExampleDeviceProfileSelector
LogPluginManager: Mounting plugin Firebase
LogPluginManager: Mounting plugin GoogleCloudMessaging
LogPluginManager: Mounting plugin IOSDeviceProfileSelector
LogPluginManager: Mounting plugin LinuxDeviceProfileSelector
LogPluginManager: Mounting plugin LocationServicesBPLibrary
LogPluginManager: Mounting plugin MobilePatchingUtils
LogPluginManager: Mounting plugin OculusVR
LogPluginManager: Mounting plugin PhysXVehicles
LogPluginManager: Mounting plugin ProceduralMeshComponent
LogPluginManager: Mounting plugin RuntimePhysXCooking
LogPluginManager: Mounting plugin SteamVR
LogPluginManager: Mounting plugin WebMMoviePlayer
LogPluginManager: Mounting plugin WindowsMoviePlayer
LogStreaming: Display: Took  0.196s to configure plugins.
LogInit: Using libcurl 7.55.1-DEV
LogInit:  - built for x86_64-pc-win32
LogInit:  - supports SSL with OpenSSL/1.0.2h
LogInit:  - supports HTTP deflate (compression) using libz 1.2.8
LogInit:  - other features:
LogInit:      CURL_VERSION_SSL
LogInit:      CURL_VERSION_LIBZ
LogInit:      CURL_VERSION_IPV6
LogInit:      CURL_VERSION_ASYNCHDNS
LogInit:      CURL_VERSION_LARGEFILE
LogInit:      CURL_VERSION_IDN
LogInit:  CurlRequestOptions (configurable via config and command line):
LogInit:  - bVerifyPeer = true  - Libcurl will verify peer certificate
LogInit:  - bUseHttpProxy = false  - Libcurl will NOT use HTTP proxy
LogInit:  - bDontReuseConnections = false  - Libcurl will reuse connections
LogInit:  - MaxHostConnections = 16  - Libcurl will limit the number of connections to a host
LogInit:  - LocalHostAddr = Default
LogInit:  - BufferSize = 65536
LogInit: WinSock: version 1.1 (2.2), MaxSocks=32767, MaxUdp=65467
LogHMD: Failed initializing OVRPlugin 1.28.0
LogInit: Build: ++UE4+Release-4.21-CL-4613538
LogInit: Engine Version: 4.21.1-4613538+++UE4+Release-4.21
LogInit: Compatible Engine Version: 4.21.0-4541578+++UE4+Release-4.21
LogInit: Net CL: 4541578
LogInit: OS: Windows 10 (), CPU: Intel(R) Xeon(R) CPU           E5645  @ 2.40GHz, GPU: NVIDIA GeForce GTX 750 Ti
LogInit: Compiled (64-bit): Nov 30 2018 04:13:25
LogInit: Compiled with Visual C++: 19.13.26129.00
LogInit: Build Configuration: Development
LogInit: Branch Name: ++UE4+Release-4.21
LogInit: Command Line: -EpicPortal -epicusername=thecomediclife -epicuserid=b8e395c9f4d04fd780ec6f4c8c5b43b1 -epiclocale=en-US
LogInit: Base Directory: C:/Program Files/Epic Games/UE_4.21/Engine/Binaries/Win64/
LogInit: Installed Engine Build: 1
LogDevObjectVersion: Number of dev versions registered: 22
LogDevObjectVersion:   Dev-Blueprints (B0D832E4-1F89-4F0D-ACCF-7EB736FD4AA2): 10
LogDevObjectVersion:   Dev-Build (E1C64328-A22C-4D53-A36C-8E866417BD8C): 0
LogDevObjectVersion:   Dev-Core (375EC13C-06E4-48FB-B500-84F0262A717E): 2
LogDevObjectVersion:   Dev-Editor (E4B068ED-F494-42E9-A231-DA0B2E46BB41): 26
LogDevObjectVersion:   Dev-Framework (CFFC743F-43B0-4480-9391-14DF171D2073): 34
LogDevObjectVersion:   Dev-Mobile (B02B49B5-BB20-44E9-A304-32B752E40360): 2
LogDevObjectVersion:   Dev-Networking (A4E4105C-59A1-49B5-A7C5-40C4547EDFEE): 0
LogDevObjectVersion:   Dev-Online (39C831C9-5AE6-47DC-9A44-9C173E1C8E7C): 0
LogDevObjectVersion:   Dev-Physics (78F01B33-EBEA-4F98-B9B4-84EACCB95AA2): 0
LogDevObjectVersion:   Dev-Platform (6631380F-2D4D-43E0-8009-CF276956A95A): 0
LogDevObjectVersion:   Dev-Rendering (12F88B9F-8875-4AFC-A67C-D90C383ABD29): 27
LogDevObjectVersion:   Dev-Sequencer (7B5AE74C-D270-4C10-A958-57980B212A5A): 9
LogDevObjectVersion:   Dev-VR (D7296918-1DD6-4BDD-9DE2-64A83CC13884): 2
LogDevObjectVersion:   Dev-LoadTimes (C2A15278-BFE7-4AFE-6C17-90FF531DF755): 1
LogDevObjectVersion:   Private-Geometry (6EACA3D4-40EC-4CC1-B786-8BED09428FC5): 3
LogDevObjectVersion:   Dev-AnimPhys (29E575DD-E0A3-4627-9D10-D276232CDCEA): 17
LogDevObjectVersion:   Dev-Anim (AF43A65D-7FD3-4947-9873-3E8ED9C1BB05): 2
LogDevObjectVersion:   Dev-ReflectionCapture (6B266CEC-1EC7-4B8F-A30B-E4D90942FC07): 1
LogDevObjectVersion:   Dev-Automation (0DF73D61-A23F-47EA-B727-89E90C41499A): 1
LogDevObjectVersion:   FortniteMain (601D1886-AC64-4F84-AA16-D3DE0DEAC7D6): 17
LogDevObjectVersion:   Dev-Enterprise (9DFFBCD6-494F-0158-E221-12823C92A888): 4
LogDevObjectVersion:   Dev-Niagara (F2AED0AC-9AFE-416F-8664-AA7FFA26D6FC): 1
LogStreaming: Display: Took  0.009s to delete old logs.
LogInit: Presizing for max 8388607 objects, including 0 objects not considered by GC, pre-allocating 0 bytes for permanent pool.
LogInit: Object subsystem initialized
LogConfig: Setting CVar [[con.DebugEarlyDefault:1]]
LogConfig: Setting CVar [[r.setres:1280x720]]
[2018.12.27-17.48.52:258][  0]LogConfig: Setting CVar [[r.VSync:0]]
[2018.12.27-17.48.52:258][  0]LogConfig: Setting CVar [[r.RHICmdBypass:0]]
[2018.12.27-17.48.52:258][  0]LogConfig: Applying CVar settings from Section [/Script/Engine.RendererSettings] File [C:/Users/theco/Desktop/BeatBattle/BeatBattle/Saved/Config/Windows/Engine.ini]
[2018.12.27-17.48.52:258][  0]LogConfig: Setting CVar [[r.GPUCrashDebugging:0]]
[2018.12.27-17.48.52:258][  0]LogConfig: Applying CVar settings from Section [/Script/Engine.RendererOverrideSettings] File [C:/Users/theco/Desktop/BeatBattle/BeatBattle/Saved/Config/Windows/Engine.ini]
[2018.12.27-17.48.52:258][  0]LogConfig: Applying CVar settings from Section [/Script/Engine.StreamingSettings] File [C:/Users/theco/Desktop/BeatBattle/BeatBattle/Saved/Config/Windows/Engine.ini]
[2018.12.27-17.48.52:258][  0]LogConfig: Setting CVar [[s.MinBulkDataSizeForAsyncLoading:131072]]
[2018.12.27-17.48.52:259][  0]LogConfig: Setting CVar [[s.AsyncLoadingThreadEnabled:0]]
[2018.12.27-17.48.52:259][  0]LogConfig: Setting CVar [[s.EventDrivenLoaderEnabled:1]]
[2018.12.27-17.48.52:259][  0]LogConfig: Setting CVar [[s.WarnIfTimeLimitExceeded:0]]
[2018.12.27-17.48.52:259][  0]LogConfig: Setting CVar [[s.TimeLimitExceededMultiplier:1.5]]
[2018.12.27-17.48.52:259][  0]LogConfig: Setting CVar [[s.TimeLimitExceededMinTime:0.005]]
[2018.12.27-17.48.52:259][  0]LogConfig: Setting CVar [[s.UseBackgroundLevelStreaming:1]]
[2018.12.27-17.48.52:259][  0]LogConfig: Setting CVar [[s.PriorityAsyncLoadingExtraTime:15.0]]
[2018.12.27-17.48.52:259][  0]LogConfig: Setting CVar [[s.LevelStreamingActorsUpdateTimeLimit:5.0]]
[2018.12.27-17.48.52:259][  0]LogConfig: Setting CVar [[s.PriorityLevelStreamingActorsUpdateExtraTime:5.0]]
[2018.12.27-17.48.52:259][  0]LogConfig: Setting CVar [[s.LevelStreamingComponentsRegistrationGranularity:10]]
[2018.12.27-17.48.52:259][  0]LogConfig: Setting CVar [[s.UnregisterComponentsTimeLimit:1.0]]
[2018.12.27-17.48.52:259][  0]LogConfig: Setting CVar [[s.LevelStreamingComponentsUnregistrationGranularity:5]]
[2018.12.27-17.48.52:259][  0]LogConfig: Applying CVar settings from Section [/Script/Engine.GarbageCollectionSettings] File [C:/Users/theco/Desktop/BeatBattle/BeatBattle/Saved/Config/Windows/Engine.ini]
[2018.12.27-17.48.52:259][  0]LogConfig: Setting CVar [[gc.MaxObjectsNotConsideredByGC:1]]
[2018.12.27-17.48.52:259][  0]LogConfig: Setting CVar [[gc.SizeOfPermanentObjectPool:0]]
[2018.12.27-17.48.52:259][  0]LogConfig: Setting CVar [[gc.FlushStreamingOnGC:0]]
[2018.12.27-17.48.52:259][  0]LogConfig: Setting CVar [[gc.NumRetriesBeforeForcingGC:10]]
[2018.12.27-17.48.52:259][  0]LogConfig: Setting CVar [[gc.AllowParallelGC:1]]
[2018.12.27-17.48.52:259][  0]LogConfig: Setting CVar [[gc.TimeBetweenPurgingPendingKillObjects:61.1]]
[2018.12.27-17.48.52:259][  0]LogConfig: Setting CVar [[gc.MaxObjectsInEditor:8388607]]
[2018.12.27-17.48.52:259][  0]LogConfig: Setting CVar [[gc.IncrementalBeginDestroyEnabled:1]]
[2018.12.27-17.48.52:259][  0]LogConfig: Setting CVar [[gc.CreateGCClusters:1]]
[2018.12.27-17.48.52:259][  0]LogConfig: Setting CVar [[gc.MergeGCClusters:0]]
[2018.12.27-17.48.52:259][  0]LogConfig: Setting CVar [[gc.MinGCClusterSize:5]]
[2018.12.27-17.48.52:259][  0]LogConfig: Setting CVar [[gc.ActorClusteringEnabled:0]]
[2018.12.27-17.48.52:259][  0]LogConfig: Setting CVar [[gc.BlueprintClusteringEnabled:0]]
[2018.12.27-17.48.52:259][  0]LogConfig: Setting CVar [[gc.UseDisregardForGCOnDedicatedServers:0]]
[2018.12.27-17.48.52:259][  0]LogConfig: Applying CVar settings from Section [/Script/Engine.NetworkSettings] File [C:/Users/theco/Desktop/BeatBattle/BeatBattle/Saved/Config/Windows/Engine.ini]
[2018.12.27-17.48.52:259][  0]LogConfig: Applying CVar settings from Section [/Script/UnrealEd.CookerSettings] File [C:/Users/theco/Desktop/BeatBattle/BeatBattle/Saved/Config/Windows/Engine.ini]
[2018.12.27-17.48.52:268][  0]LogConfig: Applying CVar settings from Section [ViewDistanceQuality@3] File [C:/Users/theco/Desktop/BeatBattle/BeatBattle/Saved/Config/Windows/Scalability.ini]
[2018.12.27-17.48.52:268][  0]LogConfig: Setting CVar [[r.SkeletalMeshLODBias:0]]
[2018.12.27-17.48.52:268][  0]LogConfig: Setting CVar [[r.ViewDistanceScale:1.0]]
[2018.12.27-17.48.52:268][  0]LogConfig: Applying CVar settings from Section [AntiAliasingQuality@3] File [C:/Users/theco/Desktop/BeatBattle/BeatBattle/Saved/Config/Windows/Scalability.ini]
[2018.12.27-17.48.52:268][  0]LogConfig: Setting CVar [[r.PostProcessAAQuality:4]]
[2018.12.27-17.48.52:268][  0]LogConfig: Applying CVar settings from Section [ShadowQuality@3] File [C:/Users/theco/Desktop/BeatBattle/BeatBattle/Saved/Config/Windows/Scalability.ini]
[2018.12.27-17.48.52:268][  0]LogConfig: Setting CVar [[r.LightFunctionQuality:1]]
[2018.12.27-17.48.52:268][  0]LogConfig: Setting CVar [[r.ShadowQuality:5]]
[2018.12.27-17.48.52:268][  0]LogConfig: Setting CVar [[r.Shadow.CSM.MaxCascades:10]]
[2018.12.27-17.48.52:268][  0]LogConfig: Setting CVar [[r.Shadow.MaxResolution:2048]]
[2018.12.27-17.48.52:268][  0]LogConfig: Setting CVar [[r.Shadow.MaxCSMResolution:2048]]
[2018.12.27-17.48.52:268][  0]LogConfig: Setting CVar [[r.Shadow.RadiusThreshold:0.01]]
[2018.12.27-17.48.52:269][  0]LogConfig: Setting CVar [[r.Shadow.DistanceScale:1.0]]
[2018.12.27-17.48.52:269][  0]LogConfig: Setting CVar [[r.Shadow.CSM.TransitionScale:1.0]]
[2018.12.27-17.48.52:269][  0]LogConfig: Setting CVar [[r.Shadow.PreShadowResolutionFactor:1.0]]
[2018.12.27-17.48.52:269][  0]LogConfig: Setting CVar [[r.DistanceFieldShadowing:1]]
[2018.12.27-17.48.52:269][  0]LogConfig: Setting CVar [[r.DistanceFieldAO:1]]
[2018.12.27-17.48.52:269][  0]LogConfig: Setting CVar [[r.AOQuality:2]]
[2018.12.27-17.48.52:269][  0]LogConfig: Setting CVar [[r.VolumetricFog:1]]
[2018.12.27-17.48.52:269][  0]LogConfig: Setting CVar [[r.VolumetricFog.GridPixelSize:8]]
[2018.12.27-17.48.52:269][  0]LogConfig: Setting CVar [[r.VolumetricFog.GridSizeZ:128]]
[2018.12.27-17.48.52:269][  0]LogConfig: Setting CVar [[r.VolumetricFog.HistoryMissSupersampleCount:4]]
[2018.12.27-17.48.52:269][  0]LogConfig: Setting CVar [[r.LightMaxDrawDistanceScale:1]]
[2018.12.27-17.48.52:269][  0]LogConfig: Setting CVar [[r.CapsuleShadows:1]]
[2018.12.27-17.48.52:269][  0]LogConfig: Applying CVar settings from Section [PostProcessQuality@3] File [C:/Users/theco/Desktop/BeatBattle/BeatBattle/Saved/Config/Windows/Scalability.ini]
[2018.12.27-17.48.52:269][  0]LogConfig: Setting CVar [[r.MotionBlurQuality:4]]
[2018.12.27-17.48.52:269][  0]LogConfig: Setting CVar [[r.AmbientOcclusionMipLevelFactor:0.4]]
[2018.12.27-17.48.52:269][  0]LogConfig: Setting CVar [[r.AmbientOcclusionMaxQuality:100]]
[2018.12.27-17.48.52:269][  0]LogConfig: Setting CVar [[r.AmbientOcclusionLevels:-1]]
[2018.12.27-17.48.52:269][  0]LogConfig: Setting CVar [[r.AmbientOcclusionRadiusScale:1.0]]
[2018.12.27-17.48.52:269][  0]LogConfig: Setting CVar [[r.DepthOfFieldQuality:2]]
[2018.12.27-17.48.52:269][  0]LogConfig: Setting CVar [[r.RenderTargetPoolMin:400]]
[2018.12.27-17.48.52:269][  0]LogConfig: Setting CVar [[r.LensFlareQuality:2]]
[2018.12.27-17.48.52:269][  0]LogConfig: Setting CVar [[r.SceneColorFringeQuality:1]]
[2018.12.27-17.48.52:269][  0]LogConfig: Setting CVar [[r.EyeAdaptationQuality:2]]
[2018.12.27-17.48.52:269][  0]LogConfig: Setting CVar [[r.BloomQuality:5]]
[2018.12.27-17.48.52:269][  0]LogConfig: Setting CVar [[r.FastBlurThreshold:100]]
[2018.12.27-17.48.52:269][  0]LogConfig: Setting CVar [[r.Upscale.Quality:3]]
[2018.12.27-17.48.52:269][  0]LogConfig: Setting CVar [[r.Tonemapper.GrainQuantization:1]]
[2018.12.27-17.48.52:269][  0]LogConfig: Setting CVar [[r.LightShaftQuality:1]]
[2018.12.27-17.48.52:269][  0]LogConfig: Setting CVar [[r.Filter.SizeScale:1]]
[2018.12.27-17.48.52:269][  0]LogConfig: Setting CVar [[r.Tonemapper.Quality:5]]
[2018.12.27-17.48.52:270][  0]LogConfig: Setting CVar [[r.DOF.Gather.AccumulatorQuality:1        ; higher gathering accumulator quality]]
[2018.12.27-17.48.52:270][  0]LogConfig: Setting CVar [[r.DOF.Gather.PostfilterMethod:1          ; Median3x3 postfilering method]]
[2018.12.27-17.48.52:270][  0]LogConfig: Setting CVar [[r.DOF.Gather.EnableBokehSettings:0       ; no bokeh simulation when gathering]]
[2018.12.27-17.48.52:270][  0]LogConfig: Setting CVar [[r.DOF.Gather.RingCount:4                 ; medium number of samples when gathering]]
[2018.12.27-17.48.52:270][  0]LogConfig: Setting CVar [[r.DOF.Scatter.ForegroundCompositing:1    ; additive foreground scattering]]
[2018.12.27-17.48.52:270][  0]LogConfig: Setting CVar [[r.DOF.Scatter.BackgroundCompositing:2    ; additive background scattering]]
[2018.12.27-17.48.52:270][  0]LogConfig: Setting CVar [[r.DOF.Scatter.EnableBokehSettings:1      ; bokeh simulation when scattering]]
[2018.12.27-17.48.52:270][  0]LogConfig: Setting CVar [[r.DOF.Scatter.MaxSpriteRatio:0.1         ; only a maximum of 10% of scattered bokeh]]
[2018.12.27-17.48.52:270][  0]LogConfig: Setting CVar [[r.DOF.Recombine.Quality:1                ; cheap slight out of focus]]
[2018.12.27-17.48.52:270][  0]LogConfig: Setting CVar [[r.DOF.Recombine.EnableBokehSettings:0    ; no bokeh simulation on slight out of focus]]
[2018.12.27-17.48.52:270][  0]LogConfig: Setting CVar [[r.DOF.TemporalAAQuality:1                ; more stable temporal accumulation]]
[2018.12.27-17.48.52:270][  0]LogConfig: Setting CVar [[r.DOF.Kernel.MaxForegroundRadius:0.025]]
[2018.12.27-17.48.52:270][  0]LogConfig: Setting CVar [[r.DOF.Kernel.MaxBackgroundRadius:0.025]]
[2018.12.27-17.48.52:270][  0]LogConfig: Applying CVar settings from Section [TextureQuality@3] File [C:/Users/theco/Desktop/BeatBattle/BeatBattle/Saved/Config/Windows/Scalability.ini]
[2018.12.27-17.48.52:270][  0]LogConfig: Setting CVar [[r.Streaming.MipBias:0]]
[2018.12.27-17.48.52:270][  0]LogConfig: Setting CVar [[r.Streaming.AmortizeCPUToGPUCopy:0]]
[2018.12.27-17.48.52:270][  0]LogConfig: Setting CVar [[r.Streaming.MaxNumTexturesToStreamPerFrame:0]]
[2018.12.27-17.48.52:270][  0]LogConfig: Setting CVar [[r.Streaming.Boost:1]]
[2018.12.27-17.48.52:270][  0]LogConfig: Setting CVar [[r.MaxAnisotropy:8]]
[2018.12.27-17.48.52:270][  0]LogConfig: Setting CVar [[r.Streaming.LimitPoolSizeToVRAM:0]]
[2018.12.27-17.48.52:270][  0]LogConfig: Setting CVar [[r.Streaming.PoolSize:1000]]
[2018.12.27-17.48.52:270][  0]LogConfig: Setting CVar [[r.Streaming.MaxEffectiveScreenSize:0]]
[2018.12.27-17.48.52:270][  0]LogConfig: Applying CVar settings from Section [EffectsQuality@3] File [C:/Users/theco/Desktop/BeatBattle/BeatBattle/Saved/Config/Windows/Scalability.ini]
[2018.12.27-17.48.52:270][  0]LogConfig: Setting CVar [[r.TranslucencyLightingVolumeDim:64]]
[2018.12.27-17.48.52:270][  0]LogConfig: Setting CVar [[r.RefractionQuality:2]]
[2018.12.27-17.48.52:270][  0]LogConfig: Setting CVar [[r.SSR.Quality:3]]
[2018.12.27-17.48.52:270][  0]LogConfig: Setting CVar [[r.SceneColorFormat:4]]
[2018.12.27-17.48.52:270][  0]LogConfig: Setting CVar [[r.DetailMode:2]]
[2018.12.27-17.48.52:270][  0]LogConfig: Setting CVar [[r.TranslucencyVolumeBlur:1]]
[2018.12.27-17.48.52:270][  0]LogConfig: Setting CVar [[r.MaterialQualityLevel:1 ; High quality]]
[2018.12.27-17.48.52:270][  0]LogConfig: Setting CVar [[r.SSS.Scale:1]]
[2018.12.27-17.48.52:271][  0]LogConfig: Setting CVar [[r.SSS.SampleSet:2]]
[2018.12.27-17.48.52:271][  0]LogConfig: Setting CVar [[r.SSS.Quality:1]]
[2018.12.27-17.48.52:271][  0]LogConfig: Setting CVar [[r.SSS.HalfRes:1]]
[2018.12.27-17.48.52:271][  0]LogConfig: Setting CVar [[r.EmitterSpawnRateScale:1.0]]
[2018.12.27-17.48.52:271][  0]LogConfig: Setting CVar [[r.ParticleLightQuality:2]]
[2018.12.27-17.48.52:271][  0]LogConfig: Applying CVar settings from Section [FoliageQuality@3] File [C:/Users/theco/Desktop/BeatBattle/BeatBattle/Saved/Config/Windows/Scalability.ini]
[2018.12.27-17.48.52:271][  0]LogConfig: Setting CVar [[foliage.DensityScale:1.0]]
[2018.12.27-17.48.52:271][  0]LogConfig: Setting CVar [[grass.DensityScale:1.0]]
[2018.12.27-17.48.52:272][  0]LogInit: Selected Device Profile: [Windows]
[2018.12.27-17.48.52:272][  0]LogInit: Applying CVar settings loaded from the selected device profile: [Windows]
[2018.12.27-17.48.52:306][  0]LogHAL: Display: Platform has ~ 12 GB [12875771904 / 17179869184 / 12], which maps to Larger [LargestMinGB=32, LargerMinGB=12, DefaultMinGB=8, SmallerMinGB=6, SmallestMinGB=0)
[2018.12.27-17.48.52:306][  0]LogConfig: Setting CVar [[r.Vulkan.UseRealUBs:1]]
[2018.12.27-17.48.52:306][  0]LogInit: Going up to parent DeviceProfile []
[2018.12.27-17.48.52:306][  0]LogConfig: Applying CVar settings from Section [ViewDistanceQuality@3] File [C:/Users/theco/Desktop/BeatBattle/BeatBattle/Saved/Config/Windows/Scalability.ini]
[2018.12.27-17.48.52:306][  0]LogConfig: Setting CVar [[r.SkeletalMeshLODBias:0]]
[2018.12.27-17.48.52:306][  0]LogConfig: Setting CVar [[r.ViewDistanceScale:1.0]]
[2018.12.27-17.48.52:306][  0]LogConfig: Applying CVar settings from Section [AntiAliasingQuality@3] File [C:/Users/theco/Desktop/BeatBattle/BeatBattle/Saved/Config/Windows/Scalability.ini]
[2018.12.27-17.48.52:306][  0]LogConfig: Setting CVar [[r.PostProcessAAQuality:4]]
[2018.12.27-17.48.52:306][  0]LogConfig: Applying CVar settings from Section [ShadowQuality@3] File [C:/Users/theco/Desktop/BeatBattle/BeatBattle/Saved/Config/Windows/Scalability.ini]
[2018.12.27-17.48.52:307][  0]LogConfig: Setting CVar [[r.LightFunctionQuality:1]]
[2018.12.27-17.48.52:307][  0]LogConfig: Setting CVar [[r.ShadowQuality:5]]
[2018.12.27-17.48.52:307][  0]LogConfig: Setting CVar [[r.Shadow.CSM.MaxCascades:10]]
[2018.12.27-17.48.52:307][  0]LogConfig: Setting CVar [[r.Shadow.MaxResolution:2048]]
[2018.12.27-17.48.52:307][  0]LogConfig: Setting CVar [[r.Shadow.MaxCSMResolution:2048]]
[2018.12.27-17.48.52:307][  0]LogConfig: Setting CVar [[r.Shadow.RadiusThreshold:0.01]]
[2018.12.27-17.48.52:307][  0]LogConfig: Setting CVar [[r.Shadow.DistanceScale:1.0]]
[2018.12.27-17.48.52:307][  0]LogConfig: Setting CVar [[r.Shadow.CSM.TransitionScale:1.0]]
[2018.12.27-17.48.52:307][  0]LogConfig: Setting CVar [[r.Shadow.PreShadowResolutionFactor:1.0]]
[2018.12.27-17.48.52:307][  0]LogConfig: Setting CVar [[r.DistanceFieldShadowing:1]]
[2018.12.27-17.48.52:307][  0]LogConfig: Setting CVar [[r.DistanceFieldAO:1]]
[2018.12.27-17.48.52:307][  0]LogConfig: Setting CVar [[r.AOQuality:2]]
[2018.12.27-17.48.52:307][  0]LogConfig: Setting CVar [[r.VolumetricFog:1]]
[2018.12.27-17.48.52:307][  0]LogConfig: Setting CVar [[r.VolumetricFog.GridPixelSize:8]]
[2018.12.27-17.48.52:307][  0]LogConfig: Setting CVar [[r.VolumetricFog.GridSizeZ:128]]
[2018.12.27-17.48.52:307][  0]LogConfig: Setting CVar [[r.VolumetricFog.HistoryMissSupersampleCount:4]]
[2018.12.27-17.48.52:307][  0]LogConfig: Setting CVar [[r.LightMaxDrawDistanceScale:1]]
[2018.12.27-17.48.52:307][  0]LogConfig: Setting CVar [[r.CapsuleShadows:1]]
[2018.12.27-17.48.52:307][  0]LogConfig: Applying CVar settings from Section [PostProcessQuality@3] File [C:/Users/theco/Desktop/BeatBattle/BeatBattle/Saved/Config/Windows/Scalability.ini]
[2018.12.27-17.48.52:307][  0]LogConfig: Setting CVar [[r.MotionBlurQuality:4]]
[2018.12.27-17.48.52:307][  0]LogConfig: Setting CVar [[r.AmbientOcclusionMipLevelFactor:0.4]]
[2018.12.27-17.48.52:307][  0]LogConfig: Setting CVar [[r.AmbientOcclusionMaxQuality:100]]
[2018.12.27-17.48.52:307][  0]LogConfig: Setting CVar [[r.AmbientOcclusionLevels:-1]]
[2018.12.27-17.48.52:307][  0]LogConfig: Setting CVar [[r.AmbientOcclusionRadiusScale:1.0]]
[2018.12.27-17.48.52:307][  0]LogConfig: Setting CVar [[r.DepthOfFieldQuality:2]]
[2018.12.27-17.48.52:307][  0]LogConfig: Setting CVar [[r.RenderTargetPoolMin:400]]
[2018.12.27-17.48.52:307][  0]LogConfig: Setting CVar [[r.LensFlareQuality:2]]
[2018.12.27-17.48.52:307][  0]LogConfig: Setting CVar [[r.SceneColorFringeQuality:1]]
[2018.12.27-17.48.52:307][  0]LogConfig: Setting CVar [[r.EyeAdaptationQuality:2]]
[2018.12.27-17.48.52:307][  0]LogConfig: Setting CVar [[r.BloomQuality:5]]
[2018.12.27-17.48.52:308][  0]LogConfig: Setting CVar [[r.FastBlurThreshold:100]]
[2018.12.27-17.48.52:308][  0]LogConfig: Setting CVar [[r.Upscale.Quality:3]]
[2018.12.27-17.48.52:308][  0]LogConfig: Setting CVar [[r.Tonemapper.GrainQuantization:1]]
[2018.12.27-17.48.52:308][  0]LogConfig: Setting CVar [[r.LightShaftQuality:1]]
[2018.12.27-17.48.52:308][  0]LogConfig: Setting CVar [[r.Filter.SizeScale:1]]
[2018.12.27-17.48.52:308][  0]LogConfig: Setting CVar [[r.Tonemapper.Quality:5]]
[2018.12.27-17.48.52:308][  0]LogConfig: Setting CVar [[r.DOF.Gather.AccumulatorQuality:1        ; higher gathering accumulator quality]]
[2018.12.27-17.48.52:308][  0]LogConfig: Setting CVar [[r.DOF.Gather.PostfilterMethod:1          ; Median3x3 postfilering method]]
[2018.12.27-17.48.52:308][  0]LogConfig: Setting CVar [[r.DOF.Gather.EnableBokehSettings:0       ; no bokeh simulation when gathering]]
[2018.12.27-17.48.52:308][  0]LogConfig: Setting CVar [[r.DOF.Gather.RingCount:4                 ; medium number of samples when gathering]]
[2018.12.27-17.48.52:308][  0]LogConfig: Setting CVar [[r.DOF.Scatter.ForegroundCompositing:1    ; additive foreground scattering]]
[2018.12.27-17.48.52:308][  0]LogConfig: Setting CVar [[r.DOF.Scatter.BackgroundCompositing:2    ; additive background scattering]]
[2018.12.27-17.48.52:308][  0]LogConfig: Setting CVar [[r.DOF.Scatter.EnableBokehSettings:1      ; bokeh simulation when scattering]]
[2018.12.27-17.48.52:308][  0]LogConfig: Setting CVar [[r.DOF.Scatter.MaxSpriteRatio:0.1         ; only a maximum of 10% of scattered bokeh]]
[2018.12.27-17.48.52:308][  0]LogConfig: Setting CVar [[r.DOF.Recombine.Quality:1                ; cheap slight out of focus]]
[2018.12.27-17.48.52:308][  0]LogConfig: Setting CVar [[r.DOF.Recombine.EnableBokehSettings:0    ; no bokeh simulation on slight out of focus]]
[2018.12.27-17.48.52:308][  0]LogConfig: Setting CVar [[r.DOF.TemporalAAQuality:1                ; more stable temporal accumulation]]
[2018.12.27-17.48.52:308][  0]LogConfig: Setting CVar [[r.DOF.Kernel.MaxForegroundRadius:0.025]]
[2018.12.27-17.48.52:308][  0]LogConfig: Setting CVar [[r.DOF.Kernel.MaxBackgroundRadius:0.025]]
[2018.12.27-17.48.52:308][  0]LogConfig: Applying CVar settings from Section [TextureQuality@3] File [C:/Users/theco/Desktop/BeatBattle/BeatBattle/Saved/Config/Windows/Scalability.ini]
[2018.12.27-17.48.52:308][  0]LogConfig: Setting CVar [[r.Streaming.MipBias:0]]
[2018.12.27-17.48.52:308][  0]LogConfig: Setting CVar [[r.Streaming.AmortizeCPUToGPUCopy:0]]
[2018.12.27-17.48.52:308][  0]LogConfig: Setting CVar [[r.Streaming.MaxNumTexturesToStreamPerFrame:0]]
[2018.12.27-17.48.52:308][  0]LogConfig: Setting CVar [[r.Streaming.Boost:1]]
[2018.12.27-17.48.52:308][  0]LogConfig: Setting CVar [[r.MaxAnisotropy:8]]
[2018.12.27-17.48.52:308][  0]LogConfig: Setting CVar [[r.Streaming.LimitPoolSizeToVRAM:0]]
[2018.12.27-17.48.52:308][  0]LogConfig: Setting CVar [[r.Streaming.PoolSize:1000]]
[2018.12.27-17.48.52:308][  0]LogConfig: Setting CVar [[r.Streaming.MaxEffectiveScreenSize:0]]
[2018.12.27-17.48.52:308][  0]LogConfig: Applying CVar settings from Section [EffectsQuality@3] File [C:/Users/theco/Desktop/BeatBattle/BeatBattle/Saved/Config/Windows/Scalability.ini]
[2018.12.27-17.48.52:308][  0]LogConfig: Setting CVar [[r.TranslucencyLightingVolumeDim:64]]
[2018.12.27-17.48.52:308][  0]LogConfig: Setting CVar [[r.RefractionQuality:2]]
[2018.12.27-17.48.52:309][  0]LogConfig: Setting CVar [[r.SSR.Quality:3]]
[2018.12.27-17.48.52:309][  0]LogConfig: Setting CVar [[r.SceneColorFormat:4]]
[2018.12.27-17.48.52:309][  0]LogConfig: Setting CVar [[r.DetailMode:2]]
[2018.12.27-17.48.52:309][  0]LogConfig: Setting CVar [[r.TranslucencyVolumeBlur:1]]
[2018.12.27-17.48.52:309][  0]LogConfig: Setting CVar [[r.MaterialQualityLevel:1 ; High quality]]
[2018.12.27-17.48.52:309][  0]LogConfig: Setting CVar [[r.SSS.Scale:1]]
[2018.12.27-17.48.52:309][  0]LogConfig: Setting CVar [[r.SSS.SampleSet:2]]
[2018.12.27-17.48.52:309][  0]LogConfig: Setting CVar [[r.SSS.Quality:1]]
[2018.12.27-17.48.52:309][  0]LogConfig: Setting CVar [[r.SSS.HalfRes:1]]
[2018.12.27-17.48.52:309][  0]LogConfig: Setting CVar [[r.EmitterSpawnRateScale:1.0]]
[2018.12.27-17.48.52:309][  0]LogConfig: Setting CVar [[r.ParticleLightQuality:2]]
[2018.12.27-17.48.52:309][  0]LogConfig: Applying CVar settings from Section [FoliageQuality@3] File [C:/Users/theco/Desktop/BeatBattle/BeatBattle/Saved/Config/Windows/Scalability.ini]
[2018.12.27-17.48.52:309][  0]LogConfig: Setting CVar [[foliage.DensityScale:1.0]]
[2018.12.27-17.48.52:309][  0]LogConfig: Setting CVar [[grass.DensityScale:1.0]]
[2018.12.27-17.48.52:309][  0]LogConfig: Applying CVar settings from Section [Startup] File [../../../Engine/Config/ConsoleVariables.ini]
[2018.12.27-17.48.52:316][  0]LogConfig: Setting CVar [[net.UseAdaptiveNetUpdateFrequency:0]]
[2018.12.27-17.48.52:316][  0]LogConfig: Applying CVar settings from Section [ConsoleVariables] File [C:/Users/theco/Desktop/BeatBattle/BeatBattle/Saved/Config/Windows/Engine.ini]
[2018.12.27-17.48.52:317][  0]LogInit: Computer: DESKTOP-42U0TAF
[2018.12.27-17.48.52:317][  0]LogInit: User: theco
[2018.12.27-17.48.52:317][  0]LogInit: CPU Page size=4096, Cores=6
[2018.12.27-17.48.52:317][  0]LogInit: High frequency timer resolution =10.000000 MHz
[2018.12.27-17.48.52:318][  0]LogMemory: Memory total: Physical=12.0GB (12GB approx)
[2018.12.27-17.48.52:318][  0]LogMemory: Platform Memory Stats for Windows
[2018.12.27-17.48.52:318][  0]LogMemory: Process Physical Memory: 106.48 MB used, 106.48 MB peak
[2018.12.27-17.48.52:318][  0]LogMemory: Process Virtual Memory: 89.81 MB used, 89.81 MB peak
[2018.12.27-17.48.52:318][  0]LogMemory: Physical Memory: 3486.98 MB used,  8792.31 MB free, 12279.29 MB total
[2018.12.27-17.48.52:318][  0]LogMemory: Virtual Memory: 4682.46 MB used,  134213048.00 MB free, 134217728.00 MB total
[2018.12.27-17.48.52:614][  0]LogInit: Using OS detected language (en-US).
[2018.12.27-17.48.52:614][  0]LogInit: Using OS detected locale (en-US).
[2018.12.27-17.48.52:617][  0]LogTextLocalizationManager: No specific localization for 'en-US' exists, so the 'en' localization will be used.
[2018.12.27-17.48.53:468][  0]LogStreaming: Display: Took  0.853s to InitEngineTextLocalization.
[2018.12.27-17.48.53:469][  0]LogInit: Setting process to per monitor DPI aware
[2018.12.27-17.48.53:597][  0]LogSlate: New Slate User Created.  User Index 0, Is Virtual User: 0
[2018.12.27-17.48.53:597][  0]LogSlate: Slate User Registered.  User Index 0, Is Virtual User: 0
[2018.12.27-17.48.56:969][  0]LogHMD: Failed to initialize OpenVR with code 126
[2018.12.27-17.48.56:969][  0]LogD3D11RHI: D3D11 adapters:
[2018.12.27-17.48.57:127][  0]LogD3D11RHI:    0. 'NVIDIA GeForce GTX 750 Ti' (Feature Level 11_0)
[2018.12.27-17.48.57:128][  0]LogD3D11RHI:       2007/0/6139 MB DedicatedVideo/DedicatedSystem/SharedSystem, Outputs:1, VendorId:0x10de
[2018.12.27-17.48.57:132][  0]LogD3D11RHI:    1. 'Microsoft Basic Render Driver' (Feature Level 11_0)
[2018.12.27-17.48.57:132][  0]LogD3D11RHI:       0/0/6139 MB DedicatedVideo/DedicatedSystem/SharedSystem, Outputs:0, VendorId:0x1414
[2018.12.27-17.48.57:132][  0]LogD3D11RHI: Chosen D3D11 Adapter: 0
[2018.12.27-17.48.57:143][  0]LogD3D11RHI: Creating new Direct3DDevice
[2018.12.27-17.48.57:143][  0]LogD3D11RHI:     GPU DeviceId: 0x1380 (for the marketing name, search the web for "GPU Device Id")
[2018.12.27-17.48.57:143][  0]LogWindows: EnumDisplayDevices:
[2018.12.27-17.48.57:143][  0]LogWindows:    0. 'NVIDIA GeForce GTX 750 Ti' (P:1 D:1)
[2018.12.27-17.48.57:144][  0]LogWindows:    1. 'NVIDIA GeForce GTX 750 Ti' (P:0 D:0)
[2018.12.27-17.48.57:144][  0]LogWindows:    2. 'NVIDIA GeForce GTX 750 Ti' (P:0 D:0)
[2018.12.27-17.48.57:145][  0]LogWindows:    3. 'NVIDIA GeForce GTX 750 Ti' (P:0 D:0)
[2018.12.27-17.48.57:145][  0]LogWindows: DebugString: FoundDriverCount:4 
[2018.12.27-17.48.57:145][  0]LogD3D11RHI:     Adapter Name: NVIDIA GeForce GTX 750 Ti
[2018.12.27-17.48.57:146][  0]LogD3D11RHI:   Driver Version: 417.35 (internal:25.21.14.1735, unified:417.35)
[2018.12.27-17.48.57:146][  0]LogD3D11RHI:      Driver Date: 12-11-2018
[2018.12.27-17.48.57:146][  0]LogRHI: Texture pool is 1405 MB (70% of 2007 MB)
[2018.12.27-17.48.57:221][  0]LogD3D11RHI: Async texture creation enabled
[2018.12.27-17.48.57:258][  0]LogD3D11RHI: GPU Timing Frequency: 1000.000000 (Debug: 2 2)
[2018.12.27-17.48.58:045][  0]LogTemp: Display: Loaded TP AllDesktopTargetPlatform
[2018.12.27-17.48.58:070][  0]LogTemp: Display: Loaded TP MacClientTargetPlatform
[2018.12.27-17.48.58:095][  0]LogTemp: Display: Loaded TP MacNoEditorTargetPlatform
[2018.12.27-17.48.58:119][  0]LogTemp: Display: Loaded TP MacServerTargetPlatform
[2018.12.27-17.48.58:150][  0]LogTemp: Display: Loaded TP MacTargetPlatform
[2018.12.27-17.48.58:179][  0]LogTemp: Display: Loaded TP WindowsClientTargetPlatform
[2018.12.27-17.48.58:205][  0]LogTemp: Display: Loaded TP WindowsNoEditorTargetPlatform
[2018.12.27-17.48.58:230][  0]LogTemp: Display: Loaded TP WindowsServerTargetPlatform
[2018.12.27-17.48.58:244][  0]LogTemp: Display: Loaded TP WindowsTargetPlatform
[2018.12.27-17.48.58:395][  0]LogTemp: Display: Loaded TP AndroidTargetPlatform
[2018.12.27-17.48.58:395][  0]LogTemp: Display: Loaded TP AndroidTargetPlatform
[2018.12.27-17.48.58:395][  0]LogTemp: Display: Loaded TP AndroidTargetPlatform
[2018.12.27-17.48.58:395][  0]LogTemp: Display: Loaded TP AndroidTargetPlatform
[2018.12.27-17.48.58:395][  0]LogTemp: Display: Loaded TP AndroidTargetPlatform
[2018.12.27-17.48.58:395][  0]LogTemp: Display: Loaded TP AndroidTargetPlatform
[2018.12.27-17.48.58:395][  0]LogTemp: Display: Loaded TP AndroidTargetPlatform
[2018.12.27-17.48.58:395][  0]LogTemp: Display: Loaded TP AndroidTargetPlatform
[2018.12.27-17.48.58:395][  0]LogTemp: Display: Loaded TP AndroidTargetPlatform
[2018.12.27-17.48.58:395][  0]LogTemp: Display: Loaded TP AndroidTargetPlatform
[2018.12.27-17.48.58:395][  0]LogTemp: Display: Loaded TP AndroidTargetPlatform
[2018.12.27-17.48.58:395][  0]LogTemp: Display: Loaded TP AndroidTargetPlatform
[2018.12.27-17.48.58:395][  0]LogTemp: Display: Loaded TP AndroidTargetPlatform
[2018.12.27-17.48.58:395][  0]LogTemp: Display: Loaded TP AndroidTargetPlatform
[2018.12.27-17.48.58:395][  0]LogTemp: Display: Loaded TP AndroidTargetPlatform
[2018.12.27-17.48.58:395][  0]LogTemp: Display: Loaded TP AndroidTargetPlatform
[2018.12.27-17.48.58:395][  0]LogTemp: Display: Loaded TP AndroidTargetPlatform
[2018.12.27-17.48.58:395][  0]LogTemp: Display: Loaded TP AndroidTargetPlatform
[2018.12.27-17.48.58:400][  0]LogTemp: Display: Loaded TP HTML5TargetPlatform
[2018.12.27-17.48.58:504][  0]LogTemp: Display: Loaded TP IOSTargetPlatform
[2018.12.27-17.48.58:504][  0]LogTemp: Display: Loaded TP IOSTargetPlatform
[2018.12.27-17.48.58:554][  0]LogTemp: Display: Loaded TP TVOSTargetPlatform
[2018.12.27-17.48.58:554][  0]LogTemp: Display: Loaded TP TVOSTargetPlatform
[2018.12.27-17.48.58:579][  0]LogTemp: Display: Loaded TP LinuxClientTargetPlatform
[2018.12.27-17.48.58:604][  0]LogTemp: Display: Loaded TP LinuxNoEditorTargetPlatform
[2018.12.27-17.48.58:629][  0]LogTemp: Display: Loaded TP LinuxServerTargetPlatform
[2018.12.27-17.48.58:666][  0]LogTemp: Display: Loaded TP LinuxTargetPlatform
[2018.12.27-17.48.58:751][  0]LogTemp: Display: Loaded TP LuminTargetPlatform
[2018.12.27-17.48.58:751][  0]LogTemp: Display: Loaded TP LuminTargetPlatform
[2018.12.27-17.48.58:751][  0]LogTargetPlatformManager: Display: Building Assets For Windows
[2018.12.27-17.48.58:950][  0]LogShaderCompilers: Guid format shader working directory is -14 characters bigger than the processId version (../../../../../../Users/theco/Desktop/BeatBattle/BeatBattle/Intermediate/Shaders/WorkingDirectory/18228/).
[2018.12.27-17.48.58:951][  0]LogShaderCompilers: Cleaned the shader compiler working directory 'C:/Users/theco/AppData/Local/Temp/UnrealShaderWorkingDir/8ADB6F85444D3467D2BB86BC95573214/'.
[2018.12.27-17.48.58:955][  0]LogXGEController: Cleaning working directory: C:/Users/theco/AppData/Local/Temp/UnrealXGEWorkingDir/
[2018.12.27-17.48.58:956][  0]LogXGEController: Cannot use XGE Controller as Incredibuild is not installed on this machine.
[2018.12.27-17.48.58:956][  0]LogShaderCompilers: Cannot use XGE Shader Compiler as Incredibuild is not installed on this machine.
[2018.12.27-17.48.58:956][  0]LogShaderCompilers: Display: Using Local Shader Compiler.
[2018.12.27-17.49.01:608][  0]LogDerivedDataCache: Display: Max Cache Size: 512 MB
[2018.12.27-17.49.01:981][  0]LogDerivedDataCache: Loaded boot cache 0.37s 71MB C:/Users/theco/AppData/Local/UnrealEngine/4.21/DerivedDataCache/Boot.ddc.
[2018.12.27-17.49.01:981][  0]LogDerivedDataCache: Display: Loaded Boot cache: C:/Users/theco/AppData/Local/UnrealEngine/4.21/DerivedDataCache/Boot.ddc
[2018.12.27-17.49.01:981][  0]LogDerivedDataCache: FDerivedDataBackendGraph:  Pak pak cache file ../../../../../../Users/theco/Desktop/BeatBattle/BeatBattle/DerivedDataCache/DDC.ddp not found, will not use a pak cache.
[2018.12.27-17.49.01:982][  0]LogDerivedDataCache: Unable to find inner node Pak for hierarchical cache Hierarchy.
[2018.12.27-17.49.01:982][  0]LogDerivedDataCache: FDerivedDataBackendGraph:  CompressedPak pak cache file ../../../../../../Users/theco/Desktop/BeatBattle/BeatBattle/DerivedDataCache/Compressed.ddp not found, will not use a pak cache.
[2018.12.27-17.49.01:982][  0]LogDerivedDataCache: Unable to find inner node CompressedPak for hierarchical cache Hierarchy.
[2018.12.27-17.49.02:014][  0]LogDerivedDataCache: Display: Pak cache opened for reading ../../../Engine/DerivedDataCache/Compressed.ddp.
[2018.12.27-17.49.02:014][  0]LogDerivedDataCache: FDerivedDataBackendGraph:  EnterprisePak pak cache file ../../../Enterprise/DerivedDataCache/Compressed.ddp not found, will not use a pak cache.
[2018.12.27-17.49.02:014][  0]LogDerivedDataCache: Unable to find inner node EnterprisePak for hierarchical cache Hierarchy.
[2018.12.27-17.49.02:028][  0]LogDerivedDataCache: Using Local data cache path C:/Users/theco/AppData/Local/UnrealEngine/Common/DerivedDataCache: Writable
[2018.12.27-17.49.02:028][  0]LogDerivedDataCache: Shared data cache path not found in *engine.ini, will not use an Shared cache.
[2018.12.27-17.49.02:028][  0]LogDerivedDataCache: Unable to find inner node Shared for hierarchical cache Hierarchy.
[2018.12.27-17.49.02:076][  0]LogMaterial: Verifying Global Shaders for PCD3D_SM5
[2018.12.27-17.49.02:084][  0]LogSlate: Using FreeType 2.6.0
[2018.12.27-17.49.02:109][  0]LogSlate: SlateFontServices - WITH_FREETYPE: 1, WITH_HARFBUZZ: 1
[2018.12.27-17.49.02:591][  0]LogAssetRegistry: FAssetRegistry took 0.0446 seconds to start up
[2018.12.27-17.49.03:315][  0]LogInit: Selected Device Profile: [Windows]
[2018.12.27-17.49.03:823][  0]LogSimplygon: Simplygon DLL not present - disabling.
[2018.12.27-17.49.03:853][  0]LogMeshReduction: Using SimplygonSwarm for distributed automatic mesh merging
[2018.12.27-17.49.03:854][  0]LogMeshReduction: Using ProxyLODMeshReduction for automatic mesh merging
[2018.12.27-17.49.03:855][  0]LogMeshReduction: Using QuadricMeshReduction for automatic static mesh reduction
[2018.12.27-17.49.03:855][  0]LogMeshReduction: No automatic skeletal mesh reduction module available
[2018.12.27-17.49.03:940][  0]LogNetVersion: BeatBattle 1.0.0, NetCL: 4541578, EngineNetVer: 5, GameNetVer: 0 (Checksum: 1815852958)
[2018.12.27-17.49.05:929][  0]LogPackageLocalizationCache: Processed 11 localized package path(s) for 2 prioritized culture(s) in 0.166033 seconds
[2018.12.27-17.49.05:937][  0]LogUObjectArray: 39775 objects as part of root set at end of initial load.
[2018.12.27-17.49.05:937][  0]LogUObjectAllocator: 6914664 out of 0 bytes used by permanent object pool.
[2018.12.27-17.49.05:937][  0]LogUObjectArray: CloseDisregardForGC: 0/0 objects in disregard for GC pool
[2018.12.27-17.49.11:266][  0]LogTcpMessaging: Initializing TcpMessaging bridge
[2018.12.27-17.49.11:286][  0]LogUdpMessaging: Initializing bridge on interface 0.0.0.0:0 to multicast group 230.0.0.1:6666.
[2018.12.27-17.49.12:660][  0]SourceControl: Source control is disabled
[2018.12.27-17.49.12:660][  0]SourceControl: Source control is disabled
[2018.12.27-17.49.12:676][  0]SourceControl: Source control is disabled
[2018.12.27-17.49.12:683][  0]SourceControl: Source control is disabled
[2018.12.27-17.49.13:087][  0]LogAndroidPermission: UAndroidPermissionCallbackProxy::GetInstance
[2018.12.27-17.49.13:212][  0]LogOcInput: OculusInput pre-init called
[2018.12.27-17.49.13:495][  0]LogEngine: Initializing Engine...
[2018.12.27-17.49.13:533][  0]LogHMD: Failed to initialize OpenVR with code 126
[2018.12.27-17.49.13:537][  0]LogStats: UGameplayTagsManager::ConstructGameplayTagTree: ImportINI prefixes -  0.001 s
[2018.12.27-17.49.13:537][  0]LogStats: UGameplayTagsManager::ConstructGameplayTagTree: Construct from data asset -  0.000 s
[2018.12.27-17.49.13:537][  0]LogStats: UGameplayTagsManager::ConstructGameplayTagTree: ImportINI -  0.000 s
[2018.12.27-17.49.13:538][  0]LogStats: UGameplayTagsManager::ConstructGameplayTagTree: GameplayTagTreeChangedEvent.Broadcast -  0.000 s
[2018.12.27-17.49.14:197][  0]LogInit: Initializing FReadOnlyCVARCache
[2018.12.27-17.49.14:257][  0]LogAIModule: Creating AISystem for world Untitled
[2018.12.27-17.49.14:297][  0]LogInit: XAudio2 using 'Speakers (High Definition Audio Device)' : 6 channels at 48 kHz using 16 bits per sample (channel mask 0x3f)
[2018.12.27-17.49.14:383][  0]LogInit: FAudioDevice initialized.
[2018.12.27-17.49.14:383][  0]LogNetVersion: Set ProjectVersion to 1.0.0.0. Version Checksum will be recalculated on next use.
[2018.12.27-17.49.14:509][  0]LogDerivedDataCache: Saved boot cache 0.13s 71MB C:/Users/theco/AppData/Local/UnrealEngine/4.21/DerivedDataCache/Boot.ddc.
[2018.12.27-17.49.14:525][  0]LogInit: Texture streaming: Enabled
[2018.12.27-17.49.14:563][  0]LogEngineSessionManager: EngineSessionManager initialized
[2018.12.27-17.49.14:599][  0]LogInit: Transaction tracking system initialized
[2018.12.27-17.49.14:675][  0]BlueprintLog: New page: Editor Load
[2018.12.27-17.49.14:951][  0]LocalizationService: Localization service is disabled
[2018.12.27-17.49.16:188][  0]LogFileCache: Scanning file cache for directory 'C:/Users/theco/Desktop/BeatBattle/BeatBattle/Content/' took 0.02s
[2018.12.27-17.49.16:188][  0]LogCook: Display: Max memory allowance for cook 16384mb min free memory 0mb
[2018.12.27-17.49.16:188][  0]LogCook: Display: Mobile HDR setting 1
[2018.12.27-17.49.16:188][  0]LogGameplayTags: Display: UGameplayTagsManager::DoneAddingNativeTags. DelegateIsBound: 0
[2018.12.27-17.49.16:188][  0]LogStats: UGameplayTagsManager::ConstructGameplayTagTree: ImportINI prefixes -  0.000 s
[2018.12.27-17.49.16:188][  0]LogStats: UGameplayTagsManager::ConstructGameplayTagTree: Construct from data asset -  0.000 s
[2018.12.27-17.49.16:189][  0]LogStats: UGameplayTagsManager::ConstructGameplayTagTree: ImportINI -  0.000 s
[2018.12.27-17.49.16:189][  0]LogStats: UGameplayTagsManager::ConstructGameplayTagTree: GameplayTagTreeChangedEvent.Broadcast -  0.000 s
[2018.12.27-17.49.16:668][  0]SourceControl: Source control is disabled
[2018.12.27-17.49.16:670][  0]Cmd: MAP LOAD FILE="../../../../../../Users/theco/Desktop/BeatBattle/BeatBattle/Content/Maps/Level1.umap" TEMPLATE=0 SHOWPROGRESS=1 FEATURELEVEL=3
[2018.12.27-17.49.16:671][  0]LightingResults: New page: Lighting Build
[2018.12.27-17.49.16:711][  0]MapCheck: New page: Map Check
[2018.12.27-17.49.16:711][  0]LightingResults: New page: Lighting Build
[2018.12.27-17.49.17:492][  0]LogAIModule: Creating AISystem for world Level1
[2018.12.27-17.49.17:537][  0]LogEditorServer: Finished looking for orphan Actors (0.000 secs)
[2018.12.27-17.49.17:580][  0]Cmd: MAP CHECKDEP NOCLEARLOG
[2018.12.27-17.49.17:580][  0]MapCheck: Map check complete: 0 Error(s), 0 Warning(s), took 0.243ms to complete.
[2018.12.27-17.49.17:581][  0]LogFileHelpers: Loading map 'Level1' took 0.912
[2018.12.27-17.49.17:786][  0]LogSlate: Updating window title bar state: overlay mode, drag disabled, window buttons hidden, title bar hidden
[2018.12.27-17.49.17:801][  0]LogSlate: Updating window title bar state: overlay mode, drag disabled, window buttons hidden, title bar hidden
[2018.12.27-17.49.17:814][  0]LogSlate: Updating window title bar state: overlay mode, drag disabled, window buttons hidden, title bar hidden
[2018.12.27-17.49.17:827][  0]LogSlate: Updating window title bar state: overlay mode, drag disabled, window buttons hidden, title bar hidden
[2018.12.27-17.49.17:856][  0]LogCollectionManager: Loaded 0 collections in 0.002592 seconds
[2018.12.27-17.49.17:913][  0]LogFileCache: Scanning file cache for directory 'C:/Users/theco/Desktop/BeatBattle/BeatBattle/Saved/Collections/' took 0.01s
[2018.12.27-17.49.17:913][  0]LogFileCache: Scanning file cache for directory 'C:/Users/theco/Desktop/BeatBattle/BeatBattle/Content/Developers/theco/Collections/' took 0.01s
[2018.12.27-17.49.17:913][  0]LogFileCache: Scanning file cache for directory 'C:/Users/theco/Desktop/BeatBattle/BeatBattle/Content/Collections/' took 0.00s
[2018.12.27-17.49.17:913][  0]LogCollectionManager: Rebuilt the GUID cache for 0 collections in 0.000001 seconds
[2018.12.27-17.49.17:932][  0]LogContentBrowser: Native class hierarchy populated in 0.0167 seconds. Added 2651 classes and 620 folders.
[2018.12.27-17.49.17:952][  0]LogContentBrowser: Native class hierarchy updated for 'WidgetCarousel' in 0.0004 seconds. Added 0 classes and 0 folders.
[2018.12.27-17.49.17:968][  0]LogPakFile: Registered encryption key '00000000000000000000000000000000': 0 pak files mounted, 0 remain pending
[2018.12.27-17.49.17:981][  0]LogPakFile: Registered encryption key '00000000000000000000000000000000': 0 pak files mounted, 0 remain pending
[2018.12.27-17.49.18:025][  0]LogPakFile: Registered encryption key '00000000000000000000000000000000': 0 pak files mounted, 0 remain pending
[2018.12.27-17.49.18:034][  0]LogPakFile: Registered encryption key '00000000000000000000000000000000': 0 pak files mounted, 0 remain pending
[2018.12.27-17.49.18:042][  0]LogPakFile: Registered encryption key '00000000000000000000000000000000': 0 pak files mounted, 0 remain pending
[2018.12.27-17.49.18:059][  0]LogPakFile: Registered encryption key '00000000000000000000000000000000': 0 pak files mounted, 0 remain pending
[2018.12.27-17.49.18:074][  0]LogPakFile: Registered encryption key '00000000000000000000000000000000': 0 pak files mounted, 0 remain pending
[2018.12.27-17.49.18:082][  0]LogPakFile: Registered encryption key '00000000000000000000000000000000': 0 pak files mounted, 0 remain pending
[2018.12.27-17.49.18:093][  0]LogPakFile: Registered encryption key '00000000000000000000000000000000': 0 pak files mounted, 0 remain pending
[2018.12.27-17.49.18:103][  0]LogPakFile: Registered encryption key '00000000000000000000000000000000': 0 pak files mounted, 0 remain pending
[2018.12.27-17.49.18:112][  0]LogPakFile: Registered encryption key '00000000000000000000000000000000': 0 pak files mounted, 0 remain pending
[2018.12.27-17.49.18:120][  0]LogPakFile: Registered encryption key '00000000000000000000000000000000': 0 pak files mounted, 0 remain pending
[2018.12.27-17.49.18:129][  0]LogPakFile: Registered encryption key '00000000000000000000000000000000': 0 pak files mounted, 0 remain pending
[2018.12.27-17.49.18:137][  0]LogPakFile: Registered encryption key '00000000000000000000000000000000': 0 pak files mounted, 0 remain pending
[2018.12.27-17.49.18:144][  0]LogPakFile: Registered encryption key '00000000000000000000000000000000': 0 pak files mounted, 0 remain pending
[2018.12.27-17.49.18:151][  0]LogPakFile: Registered encryption key '00000000000000000000000000000000': 0 pak files mounted, 0 remain pending
[2018.12.27-17.49.18:209][  0]LogPakFile: Registered encryption key '00000000000000000000000000000000': 0 pak files mounted, 0 remain pending
[2018.12.27-17.49.18:217][  0]LogPakFile: Registered encryption key '00000000000000000000000000000000': 0 pak files mounted, 0 remain pending
[2018.12.27-17.49.18:225][  0]LogPakFile: Registered encryption key '00000000000000000000000000000000': 0 pak files mounted, 0 remain pending
[2018.12.27-17.49.18:232][  0]LogPakFile: Registered encryption key '00000000000000000000000000000000': 0 pak files mounted, 0 remain pending
[2018.12.27-17.49.18:301][  0]LogPakFile: Registered encryption key '00000000000000000000000000000000': 0 pak files mounted, 0 remain pending
[2018.12.27-17.49.18:308][  0]LogPakFile: Registered encryption key '00000000000000000000000000000000': 0 pak files mounted, 0 remain pending
[2018.12.27-17.49.18:317][  0]LogPakFile: Registered encryption key '00000000000000000000000000000000': 0 pak files mounted, 0 remain pending
[2018.12.27-17.49.18:326][  0]LogPakFile: Registered encryption key '00000000000000000000000000000000': 0 pak files mounted, 0 remain pending
[2018.12.27-17.49.18:335][  0]LogPakFile: Registered encryption key '00000000000000000000000000000000': 0 pak files mounted, 0 remain pending
[2018.12.27-17.49.18:342][  0]LogPakFile: Registered encryption key '00000000000000000000000000000000': 0 pak files mounted, 0 remain pending
[2018.12.27-17.49.18:572][  0]LogContentBrowser: Native class hierarchy updated for 'AddContentDialog' in 0.0004 seconds. Added 0 classes and 0 folders.
[2018.12.27-17.49.18:590][  0]LogContentBrowser: Native class hierarchy updated for 'SceneOutliner' in 0.0004 seconds. Added 1 classes and 2 folders.
[2018.12.27-17.49.18:631][  0]LogContentBrowser: Native class hierarchy updated for 'WorldBrowser' in 0.0005 seconds. Added 2 classes and 3 folders.
[2018.12.27-17.49.18:881][  0]LogSlate: Took 0.007872 seconds to synchronously load lazily loaded font '../../../Engine/Content/Slate/Fonts/Roboto-Regular.ttf' (155K)
[2018.12.27-17.49.18:891][  0]LogSlate: Took 0.007329 seconds to synchronously load lazily loaded font '../../../Engine/Content/Slate/Fonts/Roboto-Bold.ttf' (160K)
[2018.12.27-17.49.18:910][  0]LogSlate: Took 0.007033 seconds to synchronously load lazily loaded font '../../../Engine/Content/Editor/Slate/Fonts/FontAwesome.ttf' (139K)
[2018.12.27-17.49.19:139][  0]LogRenderer: Reallocating scene render targets to support 1208x576 Format 10 NumSamples 1 (Frame:1).
[2018.12.27-17.49.19:434][  0]LogContentBrowser: Native class hierarchy updated for 'HierarchicalLODOutliner' in 0.0004 seconds. Added 0 classes and 0 folders.
[2018.12.27-17.49.19:434][  0]LogLoad: (Engine Initialization) Total time: 35.35 seconds
[2018.12.27-17.49.19:434][  0]LogLoad: (Engine Initialization) Total Blueprint compile time: 0.00 seconds
[2018.12.27-17.49.19:514][  0]LogContentStreaming: Texture pool size now 1000 MB
[2018.12.27-17.49.19:596][  0]LogSlate: Took 0.008122 seconds to synchronously load lazily loaded font '../../../Engine/Content/Slate/Fonts/Roboto-Light.ttf' (167K)
[2018.12.27-17.49.20:339][  3]LogAssetRegistry: Asset discovery search completed in 17.7704 seconds
[2018.12.27-17.49.20:342][  3]LogCollectionManager: Rebuilt the object cache for 0 collections in 0.000001 seconds (found 0 objects)
[2018.12.27-17.49.20:342][  3]LogCollectionManager: Fixed up redirectors for 0 collections in 0.000073 seconds (updated 0 objects)
[2018.12.27-17.49.20:487][ 10]LogSlate: Took 0.000261 seconds to synchronously load lazily loaded font '../../../Engine/Content/Slate/Fonts/Roboto-Light.ttf' (167K)
[2018.12.27-23.37.15:569][502]LogSlate: FSceneViewport::OnFocusLost() reason 0
[2018.12.27-23.37.17:101][613]LogSlate: Window 'BeatBattle - Unreal Editor' being destroyed
[2018.12.27-23.37.17:103][613]LogWindowsTextInputMethodSystem: Display: IME system now deactivated.
[2018.12.27-23.37.17:330][614]Cmd: QUIT_EDITOR
[2018.12.27-23.37.17:388][614]LogExit: Preparing to exit.
[2018.12.27-23.37.18:273][614]LogExit: Editor shut down
[2018.12.27-23.37.18:273][614]LogExit: Transaction tracking system shut down
[2018.12.27-23.37.18:493][614]LogExit: Object subsystem successfully closed.
[2018.12.27-23.37.18:521][614]LogShaderCompilers: Display: Shaders left to compile 0
[2018.12.27-23.37.18:525][614]LogD3D11RHI: Shutdown
[2018.12.27-23.37.18:525][614]LogD3D11RHI: CleanupD3DDevice
[2018.12.27-23.37.18:527][614]LogD3D11RHI: ~FD3D11DynamicRHI
[2018.12.27-23.37.18:588][614]LogModuleManager: Shutting down and abandoning module HierarchicalLODOutliner (624)
[2018.12.27-23.37.18:588][614]LogModuleManager: Shutting down and abandoning module WorldBrowser (622)
[2018.12.27-23.37.18:588][614]LogModuleManager: Shutting down and abandoning module SceneOutliner (620)
[2018.12.27-23.37.18:590][614]LogModuleManager: Shutting down and abandoning module AddContentDialog (618)
[2018.12.27-23.37.18:590][614]LogModuleManager: Shutting down and abandoning module WidgetCarousel (617)
[2018.12.27-23.37.18:590][614]LogModuleManager: Shutting down and abandoning module EditorWidgets (614)
[2018.12.27-23.37.18:590][614]LogModuleManager: Shutting down and abandoning module CollectionManager (612)
[2018.12.27-23.37.18:590][614]LogModuleManager: Shutting down and abandoning module StatsViewer (610)
[2018.12.27-23.37.18:590][614]LogModuleManager: Shutting down and abandoning module FoliageEdit (608)
[2018.12.27-23.37.18:590][614]LogModuleManager: Shutting down and abandoning module LandscapeEditor (606)
[2018.12.27-23.37.18:592][614]LogModuleManager: Shutting down and abandoning module MeshPaintMode (604)
[2018.12.27-23.37.18:592][614]LogModuleManager: Shutting down and abandoning module SceneDepthPickerMode (602)
[2018.12.27-23.37.18:592][614]LogModuleManager: Shutting down and abandoning module ActorPickerMode (600)
[2018.12.27-23.37.18:592][614]LogModuleManager: Shutting down and abandoning module GeometryMode (598)
[2018.12.27-23.37.18:592][614]LogModuleManager: Shutting down and abandoning module TextureAlignMode (596)
[2018.12.27-23.37.18:592][614]LogModuleManager: Shutting down and abandoning module BspMode (594)
[2018.12.27-23.37.18:592][614]LogModuleManager: Shutting down and abandoning module PIEPreviewDeviceProfileSelector (592)
[2018.12.27-23.37.18:592][614]LogModuleManager: Shutting down and abandoning module SequenceRecorderSections (590)
[2018.12.27-23.37.18:592][614]LogModuleManager: Shutting down and abandoning module AutomationWorker (588)
[2018.12.27-23.37.18:592][614]LogModuleManager: Shutting down and abandoning module AudioCaptureEditor (586)
[2018.12.27-23.37.18:592][614]LogModuleManager: Shutting down and abandoning module MatineeToLevelSequence (584)
[2018.12.27-23.37.18:592][614]LogModuleManager: Shutting down and abandoning module LevelSequenceEditor (582)
[2018.12.27-23.37.18:594][614]LogModuleManager: Shutting down and abandoning module PlacementMode (581)
[2018.12.27-23.37.18:594][614]LogModuleManager: Shutting down and abandoning module MaterialEditor (580)
[2018.12.27-23.37.18:595][614]LogModuleManager: Shutting down and abandoning module WmfMediaFactory (576)
[2018.12.27-23.37.18:595][614]LogModuleManager: Shutting down and abandoning module WmfMediaEditor (574)
[2018.12.27-23.37.18:595][614]LogModuleManager: Shutting down and abandoning module WebMMediaFactory (572)
[2018.12.27-23.37.18:595][614]LogModuleManager: Shutting down and abandoning module WebMMediaEditor (570)
[2018.12.27-23.37.18:595][614]LogModuleManager: Shutting down and abandoning module WebMMedia (568)
[2018.12.27-23.37.18:595][614]LogModuleManager: Shutting down and abandoning module MediaPlayerEditor (566)
[2018.12.27-23.37.18:595][614]LogModuleManager: Shutting down and abandoning module MediaCompositingEditor (564)
[2018.12.27-23.37.18:595][614]LogModuleManager: Shutting down and abandoning module SequenceRecorder (563)
[2018.12.27-23.37.18:595][614]LogModuleManager: Shutting down and abandoning module OpenExrWrapper (560)
[2018.12.27-23.37.18:595][614]LogModuleManager: Shutting down and abandoning module ImgMediaFactory (558)
[2018.12.27-23.37.18:595][614]LogModuleManager: Shutting down and abandoning module ImgMediaEditor (556)
[2018.12.27-23.37.18:595][614]LogModuleManager: Shutting down and abandoning module AvfMediaFactory (554)
[2018.12.27-23.37.18:595][614]LogModuleManager: Shutting down and abandoning module AvfMediaEditor (552)
[2018.12.27-23.37.18:595][614]LogModuleManager: Shutting down and abandoning module AndroidMediaFactory (550)
[2018.12.27-23.37.18:596][614]LogModuleManager: Shutting down and abandoning module AndroidMediaEditor (548)
[2018.12.27-23.37.18:596][614]LogModuleManager: Shutting down and abandoning module MagicLeapCameraPreviewFactory (546)
[2018.12.27-23.37.18:596][614]LogModuleManager: Shutting down and abandoning module MagicLeapMediaFactory (544)
[2018.12.27-23.37.18:596][614]LogModuleManager: Shutting down and abandoning module MagicLeapMediaEditor (542)
[2018.12.27-23.37.18:596][614]LogModuleManager: Shutting down and abandoning module CharacterAI (540)
[2018.12.27-23.37.18:596][614]LogModuleManager: Shutting down and abandoning module SmartSnapping (538)
[2018.12.27-23.37.18:596][614]LogModuleManager: Shutting down and abandoning module SessionServices (536)
[2018.12.27-23.37.18:596][614]LogModuleManager: Shutting down and abandoning module ViewportSnapping (534)
[2018.12.27-23.37.18:596][614]LogModuleManager: Shutting down and abandoning module ViewportInteraction (532)
[2018.12.27-23.37.18:596][614]LogModuleManager: Shutting down and abandoning module ClothPainter (530)
[2018.12.27-23.37.18:597][614]LogModuleManager: Shutting down and abandoning module SkeletalMeshEditor (529)
[2018.12.27-23.37.18:598][614]LogModuleManager: Shutting down and abandoning module LogVisualizer (526)
[2018.12.27-23.37.18:598][614]LogModuleManager: Shutting down and abandoning module IntroTutorials (524)
[2018.12.27-23.37.18:598][614]LogModuleManager: Shutting down and abandoning module GameProjectGeneration (523)
[2018.12.27-23.37.18:599][614]LogModuleManager: Shutting down and abandoning module LuminPlatformEditor (520)
[2018.12.27-23.37.18:599][614]LogModuleManager: Shutting down and abandoning module IOSPlatformEditor (518)
[2018.12.27-23.37.18:599][614]LogModuleManager: Shutting down and abandoning module HTML5PlatformEditor (516)
[2018.12.27-23.37.18:599][614]LogModuleManager: Shutting down and abandoning module AndroidPlatformEditor (514)
[2018.12.27-23.37.18:599][614]LogModuleManager: Shutting down and abandoning module AndroidDeviceDetection (513)
[2018.12.27-23.37.19:674][614]LogModuleManager: Shutting down and abandoning module WindowsPlatformEditor (510)
[2018.12.27-23.37.19:674][614]LogModuleManager: Shutting down and abandoning module LuminRuntimeSettings (508)
[2018.12.27-23.37.19:674][614]LogModuleManager: Shutting down and abandoning module IOSRuntimeSettings (506)
[2018.12.27-23.37.19:674][614]LogModuleManager: Shutting down and abandoning module AndroidRuntimeSettings (504)
[2018.12.27-23.37.19:674][614]LogModuleManager: Shutting down and abandoning module TimeManagementEditor (502)
[2018.12.27-23.37.19:674][614]LogModuleManager: Shutting down and abandoning module InputBindingEditor (500)
[2018.12.27-23.37.19:674][614]LogModuleManager: Shutting down and abandoning module MergeActors (498)
[2018.12.27-23.37.19:674][614]LogModuleManager: Shutting down and abandoning module LocalizationDashboard (496)
[2018.12.27-23.37.19:675][614]LogModuleManager: Shutting down and abandoning module LocalizationService (495)
[2018.12.27-23.37.19:675][614]LogModuleManager: Shutting down and abandoning module HardwareTargeting (492)
[2018.12.27-23.37.19:675][614]LogModuleManager: Shutting down and abandoning module DeviceProfileEditor (490)
[2018.12.27-23.37.19:675][614]LogModuleManager: Shutting down and abandoning module UndoHistory (488)
[2018.12.27-23.37.19:675][614]LogModuleManager: Shutting down and abandoning module XmlParser (486)
[2018.12.27-23.37.19:675][614]LogModuleManager: Shutting down and abandoning module Blutility (484)
[2018.12.27-23.37.19:675][614]LogModuleManager: Shutting down and abandoning module ProjectSettingsViewer (482)
[2018.12.27-23.37.19:675][614]LogModuleManager: Shutting down and abandoning module ProjectTargetPlatformEditor (481)
[2018.12.27-23.37.19:675][614]LogModuleManager: Shutting down and abandoning module EditorSettingsViewer (478)
[2018.12.27-23.37.19:675][614]LogModuleManager: Shutting down and abandoning module SettingsEditor (476)
[2018.12.27-23.37.19:676][614]LogModuleManager: Shutting down and abandoning module ProjectLauncher (474)
[2018.12.27-23.37.19:676][614]LogModuleManager: Shutting down and abandoning module SessionFrontend (472)
[2018.12.27-23.37.19:676][614]LogModuleManager: Shutting down and abandoning module ProfilerClient (470)
[2018.12.27-23.37.19:677][614]LogModuleManager: Shutting down and abandoning module DeviceManager (468)
[2018.12.27-23.37.19:677][614]LogModuleManager: Shutting down and abandoning module TargetDeviceServices (467)
[2018.12.27-23.37.19:732][614]LogModuleManager: Shutting down and abandoning module AutomationController (464)
[2018.12.27-23.37.19:732][614]LogModuleManager: Shutting down and abandoning module AutomationWindow (462)
[2018.12.27-23.37.19:733][614]LogModuleManager: Shutting down and abandoning module Layers (460)
[2018.12.27-23.37.19:735][614]LogModuleManager: Shutting down and abandoning module ComponentVisualizers (458)
[2018.12.27-23.37.19:735][614]LogModuleManager: Shutting down and abandoning module DetailCustomizations (456)
[2018.12.27-23.37.19:735][614]LogModuleManager: Shutting down and abandoning module PackagesDialog (454)
[2018.12.27-23.37.19:736][614]LogModuleManager: Shutting down and abandoning module Persona (452)
[2018.12.27-23.37.19:736][614]LogModuleManager: Shutting down and abandoning module AdvancedPreviewScene (451)
[2018.12.27-23.37.19:737][614]LogModuleManager: Shutting down and abandoning module AnimGraph (449)
[2018.12.27-23.37.19:737][614]LogModuleManager: Shutting down and abandoning module Kismet (446)
[2018.12.27-23.37.19:738][614]LogModuleManager: Shutting down and abandoning module GraphEditor (444)
[2018.12.27-23.37.19:739][614]LogModuleManager: Shutting down and abandoning module ClassViewer (442)
[2018.12.27-23.37.19:739][614]LogModuleManager: Shutting down and abandoning module Toolbox (440)
[2018.12.27-23.37.19:740][614]LogModuleManager: Shutting down and abandoning module ModuleUI (438)
[2018.12.27-23.37.19:740][614]LogModuleManager: Shutting down and abandoning module MovieSceneTools (436)
[2018.12.27-23.37.19:740][614]LogModuleManager: Shutting down and abandoning module OutputLog (434)
[2018.12.27-23.37.19:740][614]LogModuleManager: Shutting down and abandoning module GammaUI (432)
[2018.12.27-23.37.19:741][614]LogModuleManager: Shutting down and abandoning module Documentation (430)
[2018.12.27-23.37.19:741][614]LogModuleManager: Shutting down and abandoning module MovieSceneTracks (428)
[2018.12.27-23.37.19:741][614]LogModuleManager: Shutting down and abandoning module MovieScene (426)
[2018.12.27-23.37.19:741][614]LogModuleManager: Shutting down and abandoning module StreamingPauseRendering (424)
[2018.12.27-23.37.19:741][614]LogModuleManager: Shutting down and abandoning module LauncherPlatform (422)
[2018.12.27-23.37.19:741][614]LogModuleManager: Shutting down and abandoning module AnalyticsET (420)
[2018.12.27-23.37.19:741][614]LogModuleManager: Shutting down and abandoning module PortalServices (418)
[2018.12.27-23.37.19:741][614]LogModuleManager: Shutting down and abandoning module PortalRpc (416)
[2018.12.27-23.37.19:741][614]LogModuleManager: Shutting down and abandoning module MessagingRpc (414)
[2018.12.27-23.37.19:741][614]LogModuleManager: Shutting down and abandoning module AIModule (412)
[2018.12.27-23.37.19:741][614]LogModuleManager: Shutting down and abandoning module GameplayDebugger (411)
[2018.12.27-23.37.19:741][614]LogModuleManager: Shutting down and abandoning module AITestSuite (409)
[2018.12.27-23.37.19:741][614]LogModuleManager: Shutting down and abandoning module NavigationSystem (407)
[2018.12.27-23.37.19:741][614]LogModuleManager: Shutting down and abandoning module DesktopPlatform (404)
[2018.12.27-23.37.19:741][614]LogModuleManager: Shutting down and abandoning module ImageWriteQueue (402)
[2018.12.27-23.37.19:745][614]LogModuleManager: Shutting down and abandoning module ProfilerService (400)
[2018.12.27-23.37.19:867][614]LogModuleManager: Shutting down and abandoning module TaskGraph (398)
[2018.12.27-23.37.19:868][614]LogModuleManager: Shutting down and abandoning module SteamVRController (396)
[2018.12.27-23.37.19:868][614]LogModuleManager: Shutting down and abandoning module ProceduralMeshComponentEditor (394)
[2018.12.27-23.37.19:868][614]LogModuleManager: Shutting down and abandoning module ProceduralMeshComponent (392)
[2018.12.27-23.37.19:868][614]LogModuleManager: Shutting down and abandoning module OculusInput (390)
[2018.12.27-23.37.19:868][614]LogModuleManager: Shutting down and abandoning module MobilePatchingUtils (388)
[2018.12.27-23.37.19:868][614]LogModuleManager: Shutting down and abandoning module EditableMesh (386)
[2018.12.27-23.37.19:868][614]LogModuleManager: Shutting down and abandoning module CustomMeshComponent (384)
[2018.12.27-23.37.19:868][614]LogModuleManager: Shutting down and abandoning module CableComponent (382)
[2018.12.27-23.37.19:868][614]LogModuleManager: Shutting down and abandoning module AudioCapture (380)
[2018.12.27-23.37.19:868][614]LogModuleManager: Shutting down and abandoning module ArchVisCharacter (378)
[2018.12.27-23.37.19:868][614]LogModuleManager: Shutting down and abandoning module AndroidPermission (376)
[2018.12.27-23.37.19:869][614]LogModuleManager: Shutting down and abandoning module NUTUnrealEngine4 (374)
[2018.12.27-23.37.19:869][614]LogModuleManager: Shutting down and abandoning module NetcodeUnitTest (372)
[2018.12.27-23.37.19:869][614]LogModuleManager: Shutting down and abandoning module MediaCompositing (370)
[2018.12.27-23.37.19:869][614]LogModuleManager: Shutting down and abandoning module LinearTimecode (368)
[2018.12.27-23.37.19:869][614]LogModuleManager: Shutting down and abandoning module ImgMedia (366)
[2018.12.27-23.37.19:874][614]LogModuleManager: Shutting down and abandoning module HTML5Networking (364)
[2018.12.27-23.37.19:874][614]LogModuleManager: Shutting down and abandoning module GeometryCacheTracks (362)
[2018.12.27-23.37.19:874][614]LogModuleManager: Shutting down and abandoning module GeometryCacheSequencer (360)
[2018.12.27-23.37.19:874][614]LogModuleManager: Shutting down and abandoning module BackChannel (358)
[2018.12.27-23.37.19:874][614]LogModuleManager: Shutting down and abandoning module AppleVision (356)
[2018.12.27-23.37.19:874][614]LogModuleManager: Shutting down and abandoning module AppleImageUtilsBlueprintSupport (354)
[2018.12.27-23.37.19:874][614]LogModuleManager: Shutting down and abandoning module AppleImageUtils (352)
[2018.12.27-23.37.19:874][614]LogModuleManager: Shutting down and abandoning module AlembicImporter (350)
[2018.12.27-23.37.19:874][614]LogModuleManager: Shutting down and abandoning module AlembicLibrary (349)
[2018.12.27-23.37.19:875][614]LogModuleManager: Shutting down and abandoning module GeometryCache (348)
[2018.12.27-23.37.19:875][614]LogModuleManager: Shutting down and abandoning module GeometryCacheEd (347)
[2018.12.27-23.37.19:875][614]LogModuleManager: Shutting down and abandoning module VariantManagerContent (342)
[2018.12.27-23.37.19:875][614]LogModuleManager: Shutting down and abandoning module DatasmithContentEditor (340)
[2018.12.27-23.37.19:875][614]LogModuleManager: Shutting down and abandoning module SpeedTreeImporter (338)
[2018.12.27-23.37.19:875][614]LogModuleManager: Shutting down and abandoning module PluginBrowser (336)
[2018.12.27-23.37.19:875][614]LogModuleManager: Shutting down and abandoning module MobileLauncherProfileWizard (334)
[2018.12.27-23.37.19:876][614]LogModuleManager: Shutting down and abandoning module PolygonModeling (332)
[2018.12.27-23.37.19:876][614]LogModuleManager: Shutting down and abandoning module MeshEditor (330)
[2018.12.27-23.37.19:876][614]LogModuleManager: Shutting down and abandoning module CryptoKeysOpenSSL (328)
[2018.12.27-23.37.19:876][614]LogModuleManager: Shutting down and abandoning module CryptoKeys (326)
[2018.12.27-23.37.19:876][614]LogModuleManager: Shutting down and abandoning module VisualStudioSourceCodeAccess (324)
[2018.12.27-23.37.19:876][614]LogModuleManager: Shutting down and abandoning module VisualStudioCodeSourceCodeAccess (322)
[2018.12.27-23.37.19:876][614]LogModuleManager: Shutting down and abandoning module UObjectPlugin (320)
[2018.12.27-23.37.19:876][614]LogModuleManager: Shutting down and abandoning module SubversionSourceControl (318)
[2018.12.27-23.37.19:876][614]LogModuleManager: Shutting down and abandoning module PerforceSourceControl (316)
[2018.12.27-23.37.19:877][614]LogModuleManager: Shutting down and abandoning module GitSourceControl (314)
[2018.12.27-23.37.19:877][614]LogModuleManager: Shutting down and abandoning module SourceControl (313)
[2018.12.27-23.37.19:877][614]LogModuleManager: Shutting down and abandoning module CLionSourceCodeAccess (310)
[2018.12.27-23.37.19:877][614]LogModuleManager: Shutting down and abandoning module ActorLayerUtilitiesEditor (308)
[2018.12.27-23.37.19:877][614]LogModuleManager: Shutting down and abandoning module ActorLayerUtilities (306)
[2018.12.27-23.37.19:877][614]LogModuleManager: Shutting down and abandoning module LightPropagationVolumeEditor (304)
[2018.12.27-23.37.19:877][614]LogModuleManager: Shutting down and abandoning module PaperTiledImporter (302)
[2018.12.27-23.37.19:877][614]LogModuleManager: Shutting down and abandoning module PaperSpriteSheetImporter (300)
[2018.12.27-23.37.19:877][614]LogModuleManager: Shutting down and abandoning module Paper2DEditor (298)
[2018.12.27-23.37.19:878][614]LogModuleManager: Shutting down and abandoning module MeshPaint (297)
[2018.12.27-23.37.19:878][614]LogModuleManager: Shutting down and abandoning module RuntimePhysXCooking (294)
[2018.12.27-23.37.19:878][614]LogModuleManager: Shutting down and abandoning module PhysXVehiclesEditor (292)
[2018.12.27-23.37.19:878][614]LogModuleManager: Shutting down and abandoning module PhysXVehicles (290)
[2018.12.27-23.37.19:878][614]LogModuleManager: Shutting down and abandoning module OculusEditor (288)
[2018.12.27-23.37.19:878][614]LogModuleManager: Shutting down and abandoning module LocationServicesBPLibrary (286)
[2018.12.27-23.37.19:878][614]LogModuleManager: Shutting down and abandoning module ActorSequence (284)
[2018.12.27-23.37.19:878][614]LogModuleManager: Shutting down and abandoning module UdpMessaging (282)
[2018.12.27-23.37.19:979][614]LogModuleManager: Shutting down and abandoning module TcpMessaging (280)
[2018.12.27-23.37.20:080][614]LogModuleManager: Shutting down and abandoning module MagicLeapAudio (278)
[2018.12.27-23.37.20:080][614]LogModuleManager: Shutting down and abandoning module GameplayTagsEditor (276)
[2018.12.27-23.37.20:080][614]LogModuleManager: Shutting down and abandoning module FacialAnimationEditor (274)
[2018.12.27-23.37.20:080][614]LogModuleManager: Shutting down and abandoning module FacialAnimation (272)
[2018.12.27-23.37.20:080][614]LogModuleManager: Shutting down and abandoning module DataValidation (270)
[2018.12.27-23.37.20:080][614]LogModuleManager: Shutting down and abandoning module AssetManagerEditor (268)
[2018.12.27-23.37.20:082][614]LogModuleManager: Shutting down and abandoning module LevelEditor (267)
[2018.12.27-23.37.20:082][614]LogModuleManager: Shutting down and abandoning module PixelInspectorModule (266)
[2018.12.27-23.37.20:082][614]LogModuleManager: Shutting down and abandoning module CommonMenuExtensions (264)
[2018.12.27-23.37.20:083][614]LogModuleManager: Shutting down and abandoning module MainFrame (262)
[2018.12.27-23.37.20:083][614]LogModuleManager: Shutting down and abandoning module HotReload (261)
[2018.12.27-23.37.20:083][614]LogModuleManager: Shutting down and abandoning module ContentBrowser (257)
[2018.12.27-23.37.20:084][614]LogModuleManager: Shutting down and abandoning module TreeMap (255)
[2018.12.27-23.37.20:085][614]LogModuleManager: Shutting down and abandoning module LightPropagationVolumeRuntime (252)
[2018.12.27-23.37.20:085][614]LogModuleManager: Shutting down and abandoning module AISupportModule (250)
[2018.12.27-23.37.20:085][614]LogModuleManager: Shutting down and abandoning module Paper2D (248)
[2018.12.27-23.37.20:085][614]LogModuleManager: Shutting down and abandoning module WindowsMoviePlayer (246)
[2018.12.27-23.37.20:085][614]LogModuleManager: Shutting down and abandoning module WebMMoviePlayer (244)
[2018.12.27-23.37.20:085][614]LogModuleManager: Shutting down and abandoning module WmfMedia (242)
[2018.12.27-23.37.20:087][614]LogModuleManager: Shutting down and abandoning module Media (241)
[2018.12.27-23.37.20:093][614]LogModuleManager: Shutting down and abandoning module PacketHandler (238)
[2018.12.27-23.37.20:093][614]LogModuleManager: Shutting down and abandoning module ClothingSystemEditor (236)
[2018.12.27-23.37.20:093][614]LogModuleManager: Shutting down and abandoning module ClothingSystemRuntime (234)
[2018.12.27-23.37.20:094][614]LogModuleManager: Shutting down and abandoning module MediaAssets (232)
[2018.12.27-23.37.20:094][614]LogModuleManager: Shutting down and abandoning module Overlay (230)
[2018.12.27-23.37.20:094][614]LogModuleManager: Shutting down and abandoning module OverlayEditor (229)
[2018.12.27-23.37.20:094][614]LogModuleManager: Shutting down and abandoning module VREditor (226)
[2018.12.27-23.37.20:094][614]LogModuleManager: Shutting down and abandoning module StringTableEditor (224)
[2018.12.27-23.37.20:094][614]LogModuleManager: Shutting down and abandoning module GameplayTasksEditor (222)
[2018.12.27-23.37.20:094][614]LogModuleManager: Shutting down and abandoning module BehaviorTreeEditor (220)
[2018.12.27-23.37.20:095][614]LogModuleManager: Shutting down and abandoning module FunctionalTesting (218)
[2018.12.27-23.37.20:095][614]LogModuleManager: Shutting down and abandoning module CollisionAnalyzer (216)
[2018.12.27-23.37.20:095][614]LogModuleManager: Shutting down and abandoning module WorkspaceMenuStructure (215)
[2018.12.27-23.37.20:095][614]LogModuleManager: Shutting down and abandoning module UMG (212)
[2018.12.27-23.37.20:096][614]LogModuleManager: Shutting down and abandoning module UMGEditor (211)
[2018.12.27-23.37.20:096][614]LogModuleManager: Shutting down and abandoning module Sequencer (210)
[2018.12.27-23.37.20:098][614]LogModuleManager: Shutting down and abandoning module MessageLog (207)
[2018.12.27-23.37.20:098][614]LogModuleManager: Shutting down and abandoning module SlateReflector (202)
[2018.12.27-23.37.20:099][614]LogModuleManager: Shutting down and abandoning module Slate (200)
[2018.12.27-23.37.20:099][614]LogModuleManager: Shutting down and abandoning module EditorStyle (198)
[2018.12.27-23.37.20:101][614]LogModuleManager: Shutting down and abandoning module MRMesh (196)
[2018.12.27-23.37.20:101][614]LogModuleManager: Shutting down and abandoning module SourceCodeAccess (194)
[2018.12.27-23.37.20:101][614]LogModuleManager: Shutting down and abandoning module HeadMountedDisplay (192)
[2018.12.27-23.37.20:102][614]LogModuleManager: Shutting down and abandoning module XAudio2 (190)
[2018.12.27-23.37.20:102][614]LogModuleManager: Shutting down and abandoning module Networking (188)
[2018.12.27-23.37.20:102][614]LogModuleManager: Shutting down and abandoning module Core (186)
[2018.12.27-23.37.20:102][614]LogModuleManager: Shutting down and abandoning module LevelSequence (184)
[2018.12.27-23.37.20:102][614]LogModuleManager: Shutting down and abandoning module KismetCompiler (182)
[2018.12.27-23.37.20:102][614]LogModuleManager: Shutting down and abandoning module MeshUtilities (180)
[2018.12.27-23.37.20:102][614]LogModuleManager: Shutting down and abandoning module MeshMergeUtilities (179)
[2018.12.27-23.37.20:102][614]LogModuleManager: Shutting down and abandoning module MeshReductionInterface (178)
[2018.12.27-23.37.20:102][614]LogModuleManager: Shutting down and abandoning module SimplygonSwarm (177)
[2018.12.27-23.37.20:102][614]LogModuleManager: Shutting down and abandoning module ProxyLODMeshReduction (175)
[2018.12.27-23.37.20:103][614]LogModuleManager: Shutting down and abandoning module SimplygonMeshReduction (173)
[2018.12.27-23.37.20:103][614]LogModuleManager: Shutting down and abandoning module QuadricMeshReduction (171)
[2018.12.27-23.37.20:103][614]LogModuleManager: Shutting down and abandoning module MaterialBaking (167)
[2018.12.27-23.37.20:104][614]LogModuleManager: Shutting down and abandoning module DirectoryWatcher (163)
[2018.12.27-23.37.20:118][614]LogModuleManager: Shutting down and abandoning module DerivedDataCache (160)
[2018.12.27-23.37.20:206][614]LogDerivedDataCache: Shutdown
[2018.12.27-23.37.20:207][614]LogModuleManager: Shutting down and abandoning module XGEController (158)
[2018.12.27-23.37.20:207][614]LogXGEController: Cleaning working directory: C:/Users/theco/AppData/Local/Temp/UnrealXGEWorkingDir/
[2018.12.27-23.37.20:207][614]LogModuleManager: Shutting down and abandoning module TargetPlatform (156)
[2018.12.27-23.37.20:207][614]LogModuleManager: Shutting down and abandoning module VulkanShaderFormat (155)
[2018.12.27-23.37.20:207][614]LogModuleManager: Shutting down and abandoning module ShaderFormatVectorVM (153)
[2018.12.27-23.37.20:207][614]LogModuleManager: Shutting down and abandoning module ShaderFormatOpenGL (151)
[2018.12.27-23.37.20:207][614]LogModuleManager: Shutting down and abandoning module ShaderFormatD3D (149)
[2018.12.27-23.37.20:208][614]LogModuleManager: Shutting down and abandoning module MetalShaderFormat (147)
[2018.12.27-23.37.20:208][614]LogModuleManager: Shutting down and abandoning module TextureFormatUncompressed (145)
[2018.12.27-23.37.20:208][614]LogModuleManager: Shutting down and abandoning module TextureFormatPVR (143)
[2018.12.27-23.37.20:208][614]LogModuleManager: Shutting down and abandoning module TextureFormatDXT (141)
[2018.12.27-23.37.20:208][614]LogModuleManager: Shutting down and abandoning module TextureFormatIntelISPCTexComp (139)
[2018.12.27-23.37.20:208][614]LogModuleManager: Shutting down and abandoning module TextureFormatASTC (137)
[2018.12.27-23.37.20:208][614]LogModuleManager: Shutting down and abandoning module ImageWrapper (136)
[2018.12.27-23.37.20:208][614]LogModuleManager: Shutting down and abandoning module TextureFormatAndroid (133)
[2018.12.27-23.37.20:209][614]LogModuleManager: Shutting down and abandoning module AudioFormatOpus (131)
[2018.12.27-23.37.20:209][614]LogModuleManager: Shutting down and abandoning module AudioFormatOgg (129)
[2018.12.27-23.37.20:209][614]LogModuleManager: Shutting down and abandoning module AudioFormatADPCM (127)
[2018.12.27-23.37.20:209][614]LogModuleManager: Shutting down and abandoning module LuminTargetPlatform (125)
[2018.12.27-23.37.20:210][614]LogModuleManager: Shutting down and abandoning module LinuxTargetPlatform (123)
[2018.12.27-23.37.20:210][614]LogModuleManager: Shutting down and abandoning module LinuxServerTargetPlatform (121)
[2018.12.27-23.37.20:210][614]LogModuleManager: Shutting down and abandoning module LinuxNoEditorTargetPlatform (119)
[2018.12.27-23.37.20:210][614]LogModuleManager: Shutting down and abandoning module LinuxClientTargetPlatform (117)
[2018.12.27-23.37.20:210][614]LogModuleManager: Shutting down and abandoning module TVOSTargetPlatform (115)
[2018.12.27-23.37.20:211][614]LogModuleManager: Shutting down and abandoning module Messaging (113)
[2018.12.27-23.37.20:211][614]LogModuleManager: Shutting down and abandoning module IOSTargetPlatform (111)
[2018.12.27-23.37.20:212][614]LogModuleManager: Shutting down and abandoning module HTML5TargetPlatform (109)
[2018.12.27-23.37.20:212][614]LogModuleManager: Shutting down and abandoning module AndroidTargetPlatform (107)
[2018.12.27-23.37.20:219][614]LogModuleManager: Shutting down and abandoning module WindowsTargetPlatform (105)
[2018.12.27-23.37.20:219][614]LogModuleManager: Shutting down and abandoning module WindowsServerTargetPlatform (103)
[2018.12.27-23.37.20:219][614]LogModuleManager: Shutting down and abandoning module WindowsNoEditorTargetPlatform (101)
[2018.12.27-23.37.20:219][614]LogModuleManager: Shutting down and abandoning module WindowsClientTargetPlatform (99)
[2018.12.27-23.37.20:219][614]LogModuleManager: Shutting down and abandoning module MacTargetPlatform (97)
[2018.12.27-23.37.20:219][614]LogModuleManager: Shutting down and abandoning module MacServerTargetPlatform (95)
[2018.12.27-23.37.20:219][614]LogModuleManager: Shutting down and abandoning module MacNoEditorTargetPlatform (93)
[2018.12.27-23.37.20:219][614]LogModuleManager: Shutting down and abandoning module MacClientTargetPlatform (91)
[2018.12.27-23.37.20:219][614]LogModuleManager: Shutting down and abandoning module AllDesktopTargetPlatform (89)
[2018.12.27-23.37.20:220][614]LogModuleManager: Shutting down and abandoning module InputCore (86)
[2018.12.27-23.37.20:220][614]LogModuleManager: Shutting down and abandoning module Settings (84)
[2018.12.27-23.37.20:220][614]LogModuleManager: Shutting down and abandoning module PhysXCooking (82)
[2018.12.27-23.37.20:220][614]LogModuleManager: Shutting down and abandoning module SteamVR (80)
[2018.12.27-23.37.20:220][614]LogHMD: Freeing OpenVRDLLHandle.
[2018.12.27-23.37.20:220][614]LogModuleManager: Shutting down and abandoning module OculusHMD (78)
[2018.12.27-23.37.20:220][614]LogModuleManager: Shutting down and abandoning module ExampleDeviceProfileSelector (76)
[2018.12.27-23.37.20:220][614]LogModuleManager: Shutting down and abandoning module LauncherChunkInstaller (74)
[2018.12.27-23.37.20:220][614]LogModuleManager: Shutting down and abandoning module OnlineBlueprintSupport (72)
[2018.12.27-23.37.20:220][614]LogModuleManager: Shutting down and abandoning module OnlineSubsystem (68)
[2018.12.27-23.37.20:222][614]LogModuleManager: Shutting down and abandoning module XMPP (63)
[2018.12.27-23.37.20:223][614]LogModuleManager: Shutting down and abandoning module WebSockets (62)
[2018.12.27-23.37.20:234][614]LogModuleManager: Shutting down and abandoning module HTTP (59)
[2018.12.27-23.37.20:234][614]LogHttp: Display: Http module shutting down, but needs to wait on 1 outstanding Http requests:
[2018.12.27-23.37.20:234][614]LogHttp: Display: 	verb=[POST] url=[https://datarouter.ol.epicgames.com/datarouter/api/v1/public/data?SessionID=%7B0A2A213F-4EC5-20DF-2538-A2A25285F16C%7D&AppID=UEEditor.Rocket.Release&AppVersion=4.21.1-4613538%2B%2B%2BUE4%2BRelease-4.21&UserID=07f852df44d3a8ef9152c9be2fa055a6%7Cb8e395c9f4d04fd780ec6f4c8c5b43b1%7C559f7cec-1dce-4e72-833b-7fa1822f71f4&AppEnvironment=datacollector-binary&UploadType=eteventstream] status=Processing
[2018.12.27-23.37.20:265][614]LogModuleManager: Shutting down and abandoning module SSL (58)
[2018.12.27-23.37.20:266][614]LogModuleManager: Shutting down and abandoning module MagicLeapIdentity (54)
[2018.12.27-23.37.20:266][614]LogModuleManager: Shutting down and abandoning module MagicLeapHelperVulkan (52)
[2018.12.27-23.37.20:266][614]LogModuleManager: Shutting down and abandoning module MagicLeapHelperOpenGL (50)
[2018.12.27-23.37.20:267][614]LogModuleManager: Shutting down and abandoning module MagicLeapSecureStorage (48)
[2018.12.27-23.37.20:267][614]LogModuleManager: Shutting down and abandoning module MagicLeapHandTracking (46)
[2018.12.27-23.37.20:267][614]LogModuleManager: Shutting down and abandoning module MagicLeapEyeTracker (44)
[2018.12.27-23.37.20:267][614]LogModuleManager: Shutting down and abandoning module MagicLeapController (42)
[2018.12.27-23.37.20:267][614]LogSlate: Slate User Destroyed.  User Index 0, Is Virtual User: 0
[2018.12.27-23.37.20:267][614]LogModuleManager: Shutting down and abandoning module MagicLeap (40)
[2018.12.27-23.37.20:267][614]LogModuleManager: Shutting down and abandoning module DatasmithContent (38)
[2018.12.27-23.37.20:268][614]LogModuleManager: Shutting down and abandoning module AnimationModifiers (36)
[2018.12.27-23.37.20:268][614]LogModuleManager: Shutting down and abandoning module PropertyEditor (35)
[2018.12.27-23.37.20:269][614]LogModuleManager: Shutting down and abandoning module AudioEditor (32)
[2018.12.27-23.37.20:269][614]LogModuleManager: Shutting down and abandoning module TextureCompressor (30)
[2018.12.27-23.37.20:269][614]LogModuleManager: Shutting down and abandoning module ShaderCore (28)
[2018.12.27-23.37.20:269][614]LogModuleManager: Shutting down and abandoning module Landscape (26)
[2018.12.27-23.37.20:269][614]LogModuleManager: Shutting down and abandoning module SlateRHIRenderer (24)
[2018.12.27-23.37.20:269][614]LogModuleManager: Shutting down and abandoning module OpenGLDrv (22)
[2018.12.27-23.37.20:270][614]LogModuleManager: Shutting down and abandoning module D3D11RHI (20)
[2018.12.27-23.37.20:270][614]LogModuleManager: Shutting down and abandoning module AnimGraphRuntime (18)
[2018.12.27-23.37.20:270][614]LogModuleManager: Shutting down and abandoning module Renderer (16)
[2018.12.27-23.37.20:270][614]LogModuleManager: Shutting down and abandoning module Engine (14)
[2018.12.27-23.37.20:270][614]LogModuleManager: Shutting down and abandoning module CoreUObject (12)
[2018.12.27-23.37.20:270][614]LogModuleManager: Shutting down and abandoning module NetworkFile (10)
[2018.12.27-23.37.20:270][614]LogModuleManager: Shutting down and abandoning module CookedIterativeFile (8)
[2018.12.27-23.37.20:270][614]LogModuleManager: Shutting down and abandoning module StreamingFile (6)
[2018.12.27-23.37.20:270][614]LogModuleManager: Shutting down and abandoning module SandboxFile (4)
[2018.12.27-23.37.20:270][614]LogModuleManager: Shutting down and abandoning module PakFile (2)
[2018.12.27-23.37.20:284][614]LogExit: Exiting.
[2018.12.27-23.37.20:291][614]Log file closed, 12/27/18 15:37:20
